#
# There is insufficient memory for the Java Runtime Environment to continue.
# Native memory allocation (malloc) failed to allocate 32744 bytes for ChunkPool::allocate
# Possible reasons:
#   The system is out of physical RAM or swap space
#   The process is running with CompressedOops enabled, and the Java Heap may be blocking the growth of the native heap
# Possible solutions:
#   Reduce memory load on the system
#   Increase physical memory or swap space
#   Check if swap backing store is full
#   Decrease Java heap size (-Xmx/-Xms)
#   Decrease number of Java threads
#   Decrease Java thread stack sizes (-Xss)
#   Set larger code cache with -XX:ReservedCodeCacheSize=
#   JVM is running with Unscaled Compressed Oops mode in which the Java heap is
#     placed in the first 4GB address space. The Java Heap base address is the
#     maximum limit for the native heap growth. Please use -XX:HeapBaseMinAddress
#     to set the Java Heap base and to place the Java Heap above 4GB virtual address.
# This output file may be truncated or incomplete.
#
#  Out of Memory Error (allocation.cpp:272), pid=9556, tid=0x0000000000000614
#
# JRE version: Java(TM) SE Runtime Environment (8.0_301-b09) (build 1.8.0_301-b09)
# Java VM: Java HotSpot(TM) 64-Bit Server VM (25.301-b09 mixed mode windows-amd64 compressed oops)
# Failed to write core dump. Minidumps are not enabled by default on client versions of Windows
#

---------------  T H R E A D  ---------------

Current thread (0x000001e9516e5800):  JavaThread "C1 CompilerThread3" daemon [_thread_in_native, id=1556, stack(0x000000202d200000,0x000000202d300000)]

Stack: [0x000000202d200000,0x000000202d300000]
Native frames: (J=compiled Java code, j=interpreted, Vv=VM code, C=native code)
V  [jvm.dll+0x32ed79]


Current CompileTask:
C1:   5032 2519       3       sun.reflect.annotation.AnnotationParser::parseAnnotations2 (135 bytes)


---------------  P R O C E S S  ---------------

Java Threads: ( => current thread )
  0x000001e95174e000 JavaThread "Service Thread" daemon [_thread_blocked, id=6424, stack(0x000000202d300000,0x000000202d400000)]
=>0x000001e9516e5800 JavaThread "C1 CompilerThread3" daemon [_thread_in_native, id=1556, stack(0x000000202d200000,0x000000202d300000)]
  0x000001e9516e9000 JavaThread "C2 CompilerThread2" daemon [_thread_in_native, id=14096, stack(0x000000202d100000,0x000000202d200000)]
  0x000001e9516de000 JavaThread "C2 CompilerThread1" daemon [_thread_in_native, id=14960, stack(0x000000202d000000,0x000000202d100000)]
  0x000001e9516d7800 JavaThread "C2 CompilerThread0" daemon [_thread_in_native, id=16308, stack(0x000000202cf00000,0x000000202d000000)]
  0x000001e9516d3800 JavaThread "Attach Listener" daemon [_thread_blocked, id=6920, stack(0x000000202ce00000,0x000000202cf00000)]
  0x000001e9516d1800 JavaThread "Signal Dispatcher" daemon [_thread_blocked, id=14540, stack(0x000000202cd00000,0x000000202ce00000)]
  0x000001e9516b4800 JavaThread "Finalizer" daemon [_thread_blocked, id=13892, stack(0x000000202cc00000,0x000000202cd00000)]
  0x000001e951685000 JavaThread "Reference Handler" daemon [_thread_blocked, id=7240, stack(0x000000202cb00000,0x000000202cc00000)]
  0x000001e93dade000 JavaThread "main" [_thread_in_native, id=11956, stack(0x000000202c100000,0x000000202c200000)]

Other Threads:
  0x000001e95167c000 VMThread [stack: 0x000000202ca00000,0x000000202cb00000] [id=15452]
  0x000001e953550000 WatcherThread [stack: 0x000000202d400000,0x000000202d500000] [id=9064]

VM state:not at safepoint (normal execution)

VM Mutex/Monitor currently owned by a thread: None

heap address: 0x00000000c1600000, size: 1002 MB, Compressed Oops mode: 32-bit
Narrow klass base: 0x0000000000000000, Narrow klass shift: 3
Compressed class space size: 1073741824 Address: 0x0000000100000000

Heap:
 PSYoungGen      total 73216K, used 43866K [0x00000000eb200000, 0x00000000f4100000, 0x0000000100000000)
  eden space 65536K, 66% used [0x00000000eb200000,0x00000000edcd6948,0x00000000ef200000)
  from space 7680K, 0% used [0x00000000ef200000,0x00000000ef200000,0x00000000ef980000)
  to   space 7680K, 0% used [0x00000000f3980000,0x00000000f3980000,0x00000000f4100000)
 ParOldGen       total 29696K, used 7185K [0x00000000c1600000, 0x00000000c3300000, 0x00000000eb200000)
  object space 29696K, 24% used [0x00000000c1600000,0x00000000c1d044c8,0x00000000c3300000)
 Metaspace       used 24323K, capacity 25902K, committed 26112K, reserved 1071104K
  class space    used 3187K, capacity 3501K, committed 3584K, reserved 1048576K

Card table byte_map: [0x000001e94e7b0000,0x000001e94e9b0000] byte_map_base: 0x000001e94e1a5000

Marking Bits: (ParMarkBitMap*) 0x000000006bba7fe0
 Begin Bits: [0x000001e94eb00000, 0x000001e94faa8000)
 End Bits:   [0x000001e94faa8000, 0x000001e950a50000)

Polling page: 0x000001e93dbc0000

CodeCache: size=245760Kb used=8415Kb max_used=8426Kb free=237344Kb
 bounds [0x000001e93f3f0000, 0x000001e93fc30000, 0x000001e94e3f0000]
 total_blobs=2883 nmethods=2513 adapters=282
 compilation: enabled

Compilation events (10 events):
Event: 4.806 Thread 0x000001e9516e5800 nmethod 2513 0x000001e93fc28c50 code [0x000001e93fc28da0, 0x000001e93fc28eb8]
Event: 4.814 Thread 0x000001e9516de000 nmethod 2498 0x000001e93fc2c710 code [0x000001e93fc2c8c0, 0x000001e93fc2d468]
Event: 4.815 Thread 0x000001e9516de000 2514       4       org.springframework.boot.context.properties.source.ConfigurationPropertyName$ElementsParser::parse (234 bytes)
Event: 4.818 Thread 0x000001e9516e5800 2515       3       java.util.Collections$UnmodifiableCollection::toArray (11 bytes)
Event: 4.819 Thread 0x000001e9516e5800 nmethod 2515 0x000001e93fc2c290 code [0x000001e93fc2c400, 0x000001e93fc2c630]
Event: 4.853 Thread 0x000001e9516e5800 2516       1       java.lang.ref.Reference::clear (6 bytes)
Event: 4.854 Thread 0x000001e9516e5800 nmethod 2516 0x000001e93fc2bf90 code [0x000001e93fc2c0e0, 0x000001e93fc2c218]
Event: 4.854 Thread 0x000001e9516e5800 2517       3       sun.reflect.ReflectionFactory::copyField (10 bytes)
Event: 4.854 Thread 0x000001e9516e5800 nmethod 2517 0x000001e93fc2b850 code [0x000001e93fc2b9e0, 0x000001e93fc2bdd0]
Event: 4.854 Thread 0x000001e9516e5800 2519       3       sun.reflect.annotation.AnnotationParser::parseAnnotations2 (135 bytes)

GC Heap History (10 events):
Event: 2.150 GC heap before
{Heap before GC invocations=4 (full 0):
 PSYoungGen      total 18944K, used 18933K [0x00000000eb200000, 0x00000000ed700000, 0x0000000100000000)
  eden space 16384K, 100% used [0x00000000eb200000,0x00000000ec200000,0x00000000ec200000)
  from space 2560K, 99% used [0x00000000ec200000,0x00000000ec47d6d8,0x00000000ec480000)
  to   space 2560K, 0% used [0x00000000ed480000,0x00000000ed480000,0x00000000ed700000)
 ParOldGen       total 44032K, used 3282K [0x00000000c1600000, 0x00000000c4100000, 0x00000000eb200000)
  object space 44032K, 7% used [0x00000000c1600000,0x00000000c1934a58,0x00000000c4100000)
 Metaspace       used 14503K, capacity 15174K, committed 15360K, reserved 1062912K
  class space    used 1802K, capacity 1971K, committed 2048K, reserved 1048576K
Event: 2.166 GC heap after
Heap after GC invocations=4 (full 0):
 PSYoungGen      total 35328K, used 2549K [0x00000000eb200000, 0x00000000ed700000, 0x0000000100000000)
  eden space 32768K, 0% used [0x00000000eb200000,0x00000000eb200000,0x00000000ed200000)
  from space 2560K, 99% used [0x00000000ed480000,0x00000000ed6fd6d8,0x00000000ed700000)
  to   space 2560K, 0% used [0x00000000ed200000,0x00000000ed200000,0x00000000ed480000)
 ParOldGen       total 44032K, used 5888K [0x00000000c1600000, 0x00000000c4100000, 0x00000000eb200000)
  object space 44032K, 13% used [0x00000000c1600000,0x00000000c1bc0040,0x00000000c4100000)
 Metaspace       used 14503K, capacity 15174K, committed 15360K, reserved 1062912K
  class space    used 1802K, capacity 1971K, committed 2048K, reserved 1048576K
}
Event: 2.622 GC heap before
{Heap before GC invocations=5 (full 0):
 PSYoungGen      total 35328K, used 35317K [0x00000000eb200000, 0x00000000ed700000, 0x0000000100000000)
  eden space 32768K, 100% used [0x00000000eb200000,0x00000000ed200000,0x00000000ed200000)
  from space 2560K, 99% used [0x00000000ed480000,0x00000000ed6fd6d8,0x00000000ed700000)
  to   space 2560K, 0% used [0x00000000ed200000,0x00000000ed200000,0x00000000ed480000)
 ParOldGen       total 44032K, used 5888K [0x00000000c1600000, 0x00000000c4100000, 0x00000000eb200000)
  object space 44032K, 13% used [0x00000000c1600000,0x00000000c1bc0040,0x00000000c4100000)
 Metaspace       used 18344K, capacity 19114K, committed 19200K, reserved 1067008K
  class space    used 2337K, capacity 2525K, committed 2560K, reserved 1048576K
Event: 2.635 GC heap after
Heap after GC invocations=5 (full 0):
 PSYoungGen      total 35328K, used 2549K [0x00000000eb200000, 0x00000000f0100000, 0x0000000100000000)
  eden space 32768K, 0% used [0x00000000eb200000,0x00000000eb200000,0x00000000ed200000)
  from space 2560K, 99% used [0x00000000ed200000,0x00000000ed47d6b8,0x00000000ed480000)
  to   space 7680K, 0% used [0x00000000ef980000,0x00000000ef980000,0x00000000f0100000)
 ParOldGen       total 44032K, used 10206K [0x00000000c1600000, 0x00000000c4100000, 0x00000000eb200000)
  object space 44032K, 23% used [0x00000000c1600000,0x00000000c1ff78c0,0x00000000c4100000)
 Metaspace       used 18344K, capacity 19114K, committed 19200K, reserved 1067008K
  class space    used 2337K, capacity 2525K, committed 2560K, reserved 1048576K
}
Event: 2.661 GC heap before
{Heap before GC invocations=6 (full 0):
 PSYoungGen      total 35328K, used 35317K [0x00000000eb200000, 0x00000000f0100000, 0x0000000100000000)
  eden space 32768K, 100% used [0x00000000eb200000,0x00000000ed200000,0x00000000ed200000)
  from space 2560K, 99% used [0x00000000ed200000,0x00000000ed47d6b8,0x00000000ed480000)
  to   space 7680K, 0% used [0x00000000ef980000,0x00000000ef980000,0x00000000f0100000)
 ParOldGen       total 44032K, used 10206K [0x00000000c1600000, 0x00000000c4100000, 0x00000000eb200000)
  object space 44032K, 23% used [0x00000000c1600000,0x00000000c1ff78c0,0x00000000c4100000)
 Metaspace       used 18364K, capacity 19114K, committed 19200K, reserved 1067008K
  class space    used 2341K, capacity 2525K, committed 2560K, reserved 1048576K
Event: 2.674 GC heap after
Heap after GC invocations=6 (full 0):
 PSYoungGen      total 73216K, used 2700K [0x00000000eb200000, 0x00000000f0100000, 0x0000000100000000)
  eden space 65536K, 0% used [0x00000000eb200000,0x00000000eb200000,0x00000000ef200000)
  from space 7680K, 35% used [0x00000000ef980000,0x00000000efc23020,0x00000000f0100000)
  to   space 7680K, 0% used [0x00000000ef200000,0x00000000ef200000,0x00000000ef980000)
 ParOldGen       total 44032K, used 10206K [0x00000000c1600000, 0x00000000c4100000, 0x00000000eb200000)
  object space 44032K, 23% used [0x00000000c1600000,0x00000000c1ff78c0,0x00000000c4100000)
 Metaspace       used 18364K, capacity 19114K, committed 19200K, reserved 1067008K
  class space    used 2341K, capacity 2525K, committed 2560K, reserved 1048576K
}
Event: 3.556 GC heap before
{Heap before GC invocations=7 (full 0):
 PSYoungGen      total 73216K, used 36245K [0x00000000eb200000, 0x00000000f0100000, 0x0000000100000000)
  eden space 65536K, 51% used [0x00000000eb200000,0x00000000ed2c2608,0x00000000ef200000)
  from space 7680K, 35% used [0x00000000ef980000,0x00000000efc23020,0x00000000f0100000)
  to   space 7680K, 0% used [0x00000000ef200000,0x00000000ef200000,0x00000000ef980000)
 ParOldGen       total 44032K, used 10206K [0x00000000c1600000, 0x00000000c4100000, 0x00000000eb200000)
  object space 44032K, 23% used [0x00000000c1600000,0x00000000c1ff78c0,0x00000000c4100000)
 Metaspace       used 20280K, capacity 21228K, committed 21248K, reserved 1067008K
  class space    used 2568K, capacity 2812K, committed 2816K, reserved 1048576K
Event: 3.564 GC heap after
Heap after GC invocations=7 (full 0):
 PSYoungGen      total 73216K, used 5164K [0x00000000eb200000, 0x00000000f4100000, 0x0000000100000000)
  eden space 65536K, 0% used [0x00000000eb200000,0x00000000eb200000,0x00000000ef200000)
  from space 7680K, 67% used [0x00000000ef200000,0x00000000ef70b290,0x00000000ef980000)
  to   space 7680K, 0% used [0x00000000f3980000,0x00000000f3980000,0x00000000f4100000)
 ParOldGen       total 44032K, used 11401K [0x00000000c1600000, 0x00000000c4100000, 0x00000000eb200000)
  object space 44032K, 25% used [0x00000000c1600000,0x00000000c2122428,0x00000000c4100000)
 Metaspace       used 20280K, capacity 21228K, committed 21248K, reserved 1067008K
  class space    used 2568K, capacity 2812K, committed 2816K, reserved 1048576K
}
Event: 3.564 GC heap before
{Heap before GC invocations=8 (full 1):
 PSYoungGen      total 73216K, used 5164K [0x00000000eb200000, 0x00000000f4100000, 0x0000000100000000)
  eden space 65536K, 0% used [0x00000000eb200000,0x00000000eb200000,0x00000000ef200000)
  from space 7680K, 67% used [0x00000000ef200000,0x00000000ef70b290,0x00000000ef980000)
  to   space 7680K, 0% used [0x00000000f3980000,0x00000000f3980000,0x00000000f4100000)
 ParOldGen       total 44032K, used 11401K [0x00000000c1600000, 0x00000000c4100000, 0x00000000eb200000)
  object space 44032K, 25% used [0x00000000c1600000,0x00000000c2122428,0x00000000c4100000)
 Metaspace       used 20280K, capacity 21228K, committed 21248K, reserved 1067008K
  class space    used 2568K, capacity 2812K, committed 2816K, reserved 1048576K
Event: 3.600 GC heap after
Heap after GC invocations=8 (full 1):
 PSYoungGen      total 73216K, used 0K [0x00000000eb200000, 0x00000000f4100000, 0x0000000100000000)
  eden space 65536K, 0% used [0x00000000eb200000,0x00000000eb200000,0x00000000ef200000)
  from space 7680K, 0% used [0x00000000ef200000,0x00000000ef200000,0x00000000ef980000)
  to   space 7680K, 0% used [0x00000000f3980000,0x00000000f3980000,0x00000000f4100000)
 ParOldGen       total 29696K, used 7185K [0x00000000c1600000, 0x00000000c3300000, 0x00000000eb200000)
  object space 29696K, 24% used [0x00000000c1600000,0x00000000c1d044c8,0x00000000c3300000)
 Metaspace       used 20280K, capacity 21228K, committed 21248K, reserved 1067008K
  class space    used 2568K, capacity 2812K, committed 2816K, reserved 1048576K
}

Deoptimization events (10 events):
Event: 3.492 Thread 0x000001e93dade000 Uncommon trap: reason=class_check action=maybe_recompile pc=0x000001e93f5d2114 method=java.lang.String.equals(Ljava/lang/Object;)Z @ 8
Event: 3.492 Thread 0x000001e93dade000 Uncommon trap: reason=class_check action=maybe_recompile pc=0x000001e93f5d2114 method=java.lang.String.equals(Ljava/lang/Object;)Z @ 8
Event: 3.493 Thread 0x000001e93dade000 Uncommon trap: reason=unstable_if action=reinterpret pc=0x000001e93fa1f42c method=org.springframework.core.annotation.MergedAnnotationsCollection.isMappingForType(Lorg/springframework/core/annotation/AnnotationTypeMapping;Ljava/lang/Object;)Z @ 13
Event: 3.493 Thread 0x000001e93dade000 Uncommon trap: reason=class_check action=maybe_recompile pc=0x000001e93f5d2114 method=java.lang.String.equals(Ljava/lang/Object;)Z @ 8
Event: 3.674 Thread 0x000001e93dade000 Uncommon trap: reason=unstable_if action=reinterpret pc=0x000001e93f8847f8 method=java.util.Arrays.equals([Ljava/lang/Object;[Ljava/lang/Object;)Z @ 65
Event: 4.230 Thread 0x000001e93dade000 Uncommon trap: reason=unstable_if action=reinterpret pc=0x000001e93fb3de20 method=org.springframework.beans.factory.support.AbstractBeanFactory.isTypeMatch(Ljava/lang/String;Lorg/springframework/core/ResolvableType;Z)Z @ 99
Event: 4.230 Thread 0x000001e93dade000 Uncommon trap: reason=unstable_if action=reinterpret pc=0x000001e93fb12210 method=org.springframework.beans.factory.support.AbstractBeanFactory.getBeanPostProcessorCache()Lorg/springframework/beans/factory/support/AbstractBeanFactory$BeanPostProcessorCach
Event: 4.231 Thread 0x000001e93dade000 Uncommon trap: reason=unstable_if action=reinterpret pc=0x000001e93fabde70 method=org.springframework.beans.factory.support.AbstractBeanFactory.getMergedLocalBeanDefinition(Ljava/lang/String;)Lorg/springframework/beans/factory/support/RootBeanDefinition; 
Event: 4.237 Thread 0x000001e93dade000 Uncommon trap: reason=unstable_if action=reinterpret pc=0x000001e93fae6990 method=org.springframework.beans.factory.support.DefaultSingletonBeanRegistry.getSingleton(Ljava/lang/String;Z)Ljava/lang/Object; @ 20
Event: 4.250 Thread 0x000001e93dade000 Uncommon trap: reason=unstable_if action=reinterpret pc=0x000001e93faf1460 method=org.springframework.beans.factory.support.AbstractBeanFactory.hasInstantiationAwareBeanPostProcessors()Z @ 12

Classes redefined (0 events):
No events

Internal exceptions (10 events):
Event: 4.303 Thread 0x000001e93dade000 Exception <a 'java/lang/ClassNotFoundException': org/springframework/beans/factory/BeanFactoryAwareCustomizer> (0x00000000ecc67330) thrown at [C:\jenkins\workspace\8-2-build-windows-amd64-cygwin\jdk8u301\1513\hotspot\src\share\vm\classfile\systemDictionar
Event: 4.304 Thread 0x000001e93dade000 Exception <a 'java/lang/ClassNotFoundException': org/springframework/beans/factory/AwareCustomizer> (0x00000000ecc79018) thrown at [C:\jenkins\workspace\8-2-build-windows-amd64-cygwin\jdk8u301\1513\hotspot\src\share\vm\classfile\systemDictionary.cpp, line
Event: 4.304 Thread 0x000001e93dade000 Exception <a 'java/lang/ClassNotFoundException': org/springframework/core/OrderedCustomizer> (0x00000000ecc87a40) thrown at [C:\jenkins\workspace\8-2-build-windows-amd64-cygwin\jdk8u301\1513\hotspot\src\share\vm\classfile\systemDictionary.cpp, line 212]
Event: 4.305 Thread 0x000001e93dade000 Exception <a 'java/lang/ClassNotFoundException': org/springframework/beans/factory/BeanClassLoaderAwareCustomizer> (0x00000000ecc9c3b0) thrown at [C:\jenkins\workspace\8-2-build-windows-amd64-cygwin\jdk8u301\1513\hotspot\src\share\vm\classfile\systemDicti
Event: 4.305 Thread 0x000001e93dade000 Exception <a 'java/lang/ClassNotFoundException': org/springframework/beans/factory/AwareCustomizer> (0x00000000eccadb28) thrown at [C:\jenkins\workspace\8-2-build-windows-amd64-cygwin\jdk8u301\1513\hotspot\src\share\vm\classfile\systemDictionary.cpp, line
Event: 4.305 Thread 0x000001e93dade000 Exception <a 'java/lang/ClassNotFoundException': org/springframework/aop/framework/AopInfrastructureBeanCustomizer> (0x00000000eccc1848) thrown at [C:\jenkins\workspace\8-2-build-windows-amd64-cygwin\jdk8u301\1513\hotspot\src\share\vm\classfile\systemDict
Event: 4.320 Thread 0x000001e93dade000 Exception <a 'java/lang/NoSuchMethodError': java.lang.Object.lambda$and$0(Lorg/springframework/util/ReflectionUtils$MethodFilter;Ljava/lang/reflect/Method;)Z> (0x00000000ecd3ef98) thrown at [C:\jenkins\workspace\8-2-build-windows-amd64-cygwin\jdk8u301\151
Event: 4.324 Thread 0x000001e93dade000 Exception <a 'java/lang/NoSuchMethodError': java.lang.Object.lambda$thenComparing$36697e65$1(Ljava/util/Comparator;Ljava/lang/Object;Ljava/lang/Object;)I> (0x00000000ecd74970) thrown at [C:\jenkins\workspace\8-2-build-windows-amd64-cygwin\jdk8u301\1513\ho
Event: 4.423 Thread 0x000001e93dade000 Exception <a 'java/lang/NoSuchMethodError': java.lang.Object.lambda$map$1(Ljava/util/function/Function;)Ljava/util/stream/Stream;> (0x00000000ed15f330) thrown at [C:\jenkins\workspace\8-2-build-windows-amd64-cygwin\jdk8u301\1513\hotspot\src\share\vm\inter
Event: 4.726 Thread 0x000001e93dade000 Exception <a 'java/lang/IncompatibleClassChangeError': Found class java.lang.Object, but interface was expected> (0x00000000ed800338) thrown at [C:\jenkins\workspace\8-2-build-windows-amd64-cygwin\jdk8u301\1513\hotspot\src\share\vm\interpreter\linkResolve

Events (10 events):
Event: 4.849 loading class org/springframework/web/context/support/XmlWebApplicationContext
Event: 4.849 loading class org/springframework/web/context/support/XmlWebApplicationContext done
Event: 4.850 loading class org/springframework/web/context/support/AbstractRefreshableWebApplicationContext
Event: 4.850 loading class org/springframework/web/context/support/AbstractRefreshableWebApplicationContext done
Event: 4.850 loading class org/springframework/context/support/AbstractRefreshableConfigApplicationContext
Event: 4.850 loading class org/springframework/context/support/AbstractRefreshableConfigApplicationContext done
Event: 4.851 loading class org/springframework/context/support/AbstractRefreshableApplicationContext
Event: 4.851 loading class org/springframework/context/support/AbstractRefreshableApplicationContext done
Event: 4.854 loading class org/springframework/web/servlet/HandlerExecutionChain
Event: 4.854 loading class org/springframework/web/servlet/HandlerExecutionChain done


Dynamic libraries:
0x00007ff622200000 - 0x00007ff622247000 	C:\Program Files\Java\jre1.8.0_301\bin\javaw.exe
0x00007ffba7c10000 - 0x00007ffba7e05000 	C:\Windows\SYSTEM32\ntdll.dll
0x00007ffba6890000 - 0x00007ffba694d000 	C:\Windows\System32\KERNEL32.DLL
0x00007ffba5500000 - 0x00007ffba57c9000 	C:\Windows\System32\KERNELBASE.dll
0x00007ffba7220000 - 0x00007ffba72cc000 	C:\Windows\System32\ADVAPI32.dll
0x00007ffba60e0000 - 0x00007ffba617e000 	C:\Windows\System32\msvcrt.dll
0x00007ffba6aa0000 - 0x00007ffba6b3b000 	C:\Windows\System32\sechost.dll
0x00007ffba5fb0000 - 0x00007ffba60da000 	C:\Windows\System32\RPCRT4.dll
0x00007ffba6180000 - 0x00007ffba6320000 	C:\Windows\System32\USER32.dll
0x00007ffba54d0000 - 0x00007ffba54f2000 	C:\Windows\System32\win32u.dll
0x00007ffba7b40000 - 0x00007ffba7b6a000 	C:\Windows\System32\GDI32.dll
0x00007ffba5b10000 - 0x00007ffba5c1b000 	C:\Windows\System32\gdi32full.dll
0x00007ffba5930000 - 0x00007ffba59cd000 	C:\Windows\System32\msvcp_win.dll
0x00007ffba5830000 - 0x00007ffba5930000 	C:\Windows\System32\ucrtbase.dll
0x00007ffb86ed0000 - 0x00007ffb8716a000 	C:\Windows\WinSxS\amd64_microsoft.windows.common-controls_6595b64144ccf1df_6.0.19041.1110_none_60b5254171f9507e\COMCTL32.dll
0x00007ffba5e20000 - 0x00007ffba5e50000 	C:\Windows\System32\IMM32.DLL
0x00007ffba0900000 - 0x00007ffba0915000 	C:\Program Files\Java\jre1.8.0_301\bin\vcruntime140.dll
0x00007ffb60e20000 - 0x00007ffb60ebb000 	C:\Program Files\Java\jre1.8.0_301\bin\msvcp140.dll
0x000000006b3c0000 - 0x000000006bc20000 	C:\Program Files\Java\jre1.8.0_301\bin\server\jvm.dll
0x00007ffba6950000 - 0x00007ffba6958000 	C:\Windows\System32\PSAPI.DLL
0x00007ffb9f4b0000 - 0x00007ffb9f4ba000 	C:\Windows\SYSTEM32\VERSION.dll
0x00007ffb8c780000 - 0x00007ffb8c7a7000 	C:\Windows\SYSTEM32\WINMM.dll
0x00007ffb87760000 - 0x00007ffb87769000 	C:\Windows\SYSTEM32\WSOCK32.dll
0x00007ffba6d30000 - 0x00007ffba6d9b000 	C:\Windows\System32\WS2_32.dll
0x00007ffba3e40000 - 0x00007ffba3e52000 	C:\Windows\SYSTEM32\kernel.appcore.dll
0x00007ffb9dde0000 - 0x00007ffb9ddf0000 	C:\Program Files\Java\jre1.8.0_301\bin\verify.dll
0x00007ffb6ab00000 - 0x00007ffb6ab2b000 	C:\Program Files\Java\jre1.8.0_301\bin\java.dll
0x00007ffb88d00000 - 0x00007ffb88d18000 	C:\Program Files\Java\jre1.8.0_301\bin\zip.dll
0x00007ffba7400000 - 0x00007ffba7b3f000 	C:\Windows\System32\SHELL32.dll
0x00007ffba3150000 - 0x00007ffba38e0000 	C:\Windows\SYSTEM32\windows.storage.dll
0x00007ffba6320000 - 0x00007ffba6675000 	C:\Windows\System32\combase.dll
0x00007ffba4cd0000 - 0x00007ffba4cfc000 	C:\Windows\SYSTEM32\Wldp.dll
0x00007ffba66e0000 - 0x00007ffba678e000 	C:\Windows\System32\SHCORE.dll
0x00007ffba6790000 - 0x00007ffba67e5000 	C:\Windows\System32\shlwapi.dll
0x00007ffba5280000 - 0x00007ffba529f000 	C:\Windows\SYSTEM32\profapi.dll
0x00007ffba08e0000 - 0x00007ffba08ed000 	C:\Program Files\Java\jre1.8.0_301\bin\management.dll
0x00007ffb711b0000 - 0x00007ffb711cc000 	C:\Program Files\Java\jre1.8.0_301\bin\net.dll
0x00007ffba4a30000 - 0x00007ffba4a9a000 	C:\Windows\system32\mswsock.dll
0x00007ffb7fd30000 - 0x00007ffb7fd47000 	C:\Windows\system32\napinsp.dll
0x00007ffb7fd10000 - 0x00007ffb7fd2b000 	C:\Windows\system32\pnrpnsp.dll
0x00007ffb7fcf0000 - 0x00007ffb7fd05000 	C:\Windows\system32\wshbth.dll
0x00007ffba0830000 - 0x00007ffba084d000 	C:\Windows\system32\NLAapi.dll
0x00007ffba4720000 - 0x00007ffba475b000 	C:\Windows\SYSTEM32\IPHLPAPI.DLL
0x00007ffba4760000 - 0x00007ffba482c000 	C:\Windows\SYSTEM32\DNSAPI.dll
0x00007ffba73f0000 - 0x00007ffba73f8000 	C:\Windows\System32\NSI.dll
0x00007ffb82090000 - 0x00007ffb820a2000 	C:\Windows\System32\winrnr.dll
0x00007ffb90510000 - 0x00007ffb9051a000 	C:\Windows\System32\rasadhlp.dll
0x00007ffb91010000 - 0x00007ffb9108f000 	C:\Windows\System32\fwpuclnt.dll
0x00007ffba5340000 - 0x00007ffba5367000 	C:\Windows\System32\bcrypt.dll
0x00007ffb70ff0000 - 0x00007ffb71003000 	C:\Program Files\Java\jre1.8.0_301\bin\nio.dll
0x00007ffba59d0000 - 0x00007ffba5a53000 	C:\Windows\System32\bcryptPrimitives.dll

VM Arguments:
jvm_args: -Dfile.encoding=UTF-8 
java_command: com.example.foodInventoryNew.FoodInventoryNewApplication
java_class_path (initial): E:\SPM new\foodInventoryNew2\target\classes;C:\Users\deshd\.m2\repository\org\springframework\boot\spring-boot-starter-data-jpa\2.4.10\spring-boot-starter-data-jpa-2.4.10.jar;C:\Users\deshd\.m2\repository\org\springframework\boot\spring-boot-starter-aop\2.4.10\spring-boot-starter-aop-2.4.10.jar;C:\Users\deshd\.m2\repository\org\springframework\spring-aop\5.3.9\spring-aop-5.3.9.jar;C:\Users\deshd\.m2\repository\org\aspectj\aspectjweaver\1.9.7\aspectjweaver-1.9.7.jar;C:\Users\deshd\.m2\repository\org\springframework\boot\spring-boot-starter-jdbc\2.4.10\spring-boot-starter-jdbc-2.4.10.jar;C:\Users\deshd\.m2\repository\com\zaxxer\HikariCP\3.4.5\HikariCP-3.4.5.jar;C:\Users\deshd\.m2\repository\org\springframework\spring-jdbc\5.3.9\spring-jdbc-5.3.9.jar;C:\Users\deshd\.m2\repository\jakarta\transaction\jakarta.transaction-api\1.3.3\jakarta.transaction-api-1.3.3.jar;C:\Users\deshd\.m2\repository\jakarta\persistence\jakarta.persistence-api\2.2.3\jakarta.persistence-api-2.2.3.jar;C:\Users\deshd\.m2\repository\org\hibernate\hibernate-core\5.4.32.Final\hibernate-core-5.4.32.Final.jar;C:\Users\deshd\.m2\repository\org\jboss\logging\jboss-logging\3.4.2.Final\jboss-logging-3.4.2.Final.jar;C:\Users\deshd\.m2\repository\org\javassist\javassist\3.27.0-GA\javassist-3.27.0-GA.jar;C:\Users\deshd\.m2\repository\net\bytebuddy\byte-buddy\1.10.22\byte-buddy-1.10.22.jar;C:\Users\deshd\.m2\repository\antlr\antlr\2.7.7\antlr-2.7.7.jar;C:\Users\deshd\.m2\repository\org\jboss\jandex\2.2.3.Final\jandex-2.2.3.Final.jar;C:\Users\deshd\.m2\repository\com\fasterxml\classmate\1.5.1\classmate-1.5.1.jar;C:\Users\deshd\.m2\repository\org\dom4j\dom4j\2.1.3\dom4j-2.1.3.jar;C:\Users\deshd\.m2\repository\org\hibernate\common\hibernate-commons-annotations\5.1.2.Final\hibernate-commons-annotations-5.1.2.Final.jar;C:\Users\deshd\.m2\repository\org\glassfish\jaxb\jaxb-runtime\2.3.5\jaxb-runtime-2.3.5.jar;C:\Users\deshd\.m2\repository\org\glassfish\jaxb\txw2\2.3.5\txw2-2.3.5.jar;C:\U
Launcher Type: SUN_STANDARD

Environment Variables:
PATH=C:/Program Files/Java/jre1.8.0_301/bin/server;C:/Program Files/Java/jre1.8.0_301/bin;C:/Program Files/Java/jre1.8.0_301/lib/amd64;C:\app\DESH\product\18.0.0\dbhomeXE\bin;C:\Program Files\Common Files\Oracle\Java\javapath;C:\Program Files (x86)\Common Files\Oracle\Java\javapath;C:\Windows\system32;C:\Windows;C:\Windows\System32\Wbem;C:\Windows\System32\WindowsPowerShell\v1.0\;C:\Windows\System32\OpenSSH\;C:\Program Files (x86)\Windows Kits\10\Windows Performance Toolkit\;C:\Program Files\Git\cmd;G:\Brackets\command;G:\nodejs\;C:\ProgramData\chocolatey\bin;C:\Program Files\WSO2\Enterprise Integrator\6.6.0\bin\..\bin;C:\Program Files\Java\jdk1.8.0_301\bin;C:\Program Files\MySQL\MySQL Shell 8.0\bin\;C:\Users\deshd\AppData\Local\Microsoft\WindowsApps;C:\Users\deshd\AppData\Local\atom\bin;C:\Users\deshd\AppData\Roaming\npm;C:\Users\deshd\AppData\Local\Programs\Microsoft VS Code\bin;G:\WebStorm 2020.3.2\bin;;C:\Users\deshd\OneDrive\Desktop\eclipse;
USERNAME=DESH
OS=Windows_NT
PROCESSOR_IDENTIFIER=Intel64 Family 6 Model 142 Stepping 10, GenuineIntel



---------------  S Y S T E M  ---------------

OS: Windows 10.0 , 64 bit Build 19041 (10.0.19041.1151)

CPU:total 8 (initial active 8) (4 cores per cpu, 2 threads per core) family 6 model 142 stepping 10, cmov, cx8, fxsr, mmx, sse, sse2, sse3, ssse3, sse4.1, sse4.2, popcnt, avx, avx2, aes, clmul, erms, 3dnowpref, lzcnt, ht, tsc, tscinvbit, bmi1, bmi2, adx

Memory: 4k page, physical 4103268k(133876k free), swap 16686180k(1424k free)

vm_info: Java HotSpot(TM) 64-Bit Server VM (25.301-b09) for windows-amd64 JRE (1.8.0_301-b09), built on Jun  9 2021 06:46:21 by "java_re" with MS VC++ 15.9 (VS2017)

time: Thu Aug 26 15:37:04 2021
timezone: Sri Lanka Standard Time
elapsed time: 5.038056 seconds (0d 0h 0m 5s)

