#
# There is insufficient memory for the Java Runtime Environment to continue.
# Native memory allocation (malloc) failed to allocate 32744 bytes for ChunkPool::allocate
# Possible reasons:
#   The system is out of physical RAM or swap space
#   The process is running with CompressedOops enabled, and the Java Heap may be blocking the growth of the native heap
# Possible solutions:
#   Reduce memory load on the system
#   Increase physical memory or swap space
#   Check if swap backing store is full
#   Decrease Java heap size (-Xmx/-Xms)
#   Decrease number of Java threads
#   Decrease Java thread stack sizes (-Xss)
#   Set larger code cache with -XX:ReservedCodeCacheSize=
#   JVM is running with Unscaled Compressed Oops mode in which the Java heap is
#     placed in the first 4GB address space. The Java Heap base address is the
#     maximum limit for the native heap growth. Please use -XX:HeapBaseMinAddress
#     to set the Java Heap base and to place the Java Heap above 4GB virtual address.
# This output file may be truncated or incomplete.
#
#  Out of Memory Error (allocation.cpp:272), pid=5260, tid=0x0000000000003ec8
#
# JRE version: Java(TM) SE Runtime Environment (8.0_301-b09) (build 1.8.0_301-b09)
# Java VM: Java HotSpot(TM) 64-Bit Server VM (25.301-b09 mixed mode windows-amd64 compressed oops)
# Failed to write core dump. Minidumps are not enabled by default on client versions of Windows
#

---------------  T H R E A D  ---------------

Current thread (0x00000251080ce800):  JavaThread "main" [_thread_in_vm, id=16072, stack(0x00000061c2f00000,0x00000061c3000000)]

Stack: [0x00000061c2f00000,0x00000061c3000000]
Native frames: (J=compiled Java code, j=interpreted, Vv=VM code, C=native code)
V  [jvm.dll+0x32ed79]

Java frames: (J=compiled Java code, j=interpreted, Vv=VM code)
j  java.lang.Class.getDeclaredFields0(Z)[Ljava/lang/reflect/Field;+0
j  java.lang.Class.privateGetDeclaredFields(Z)[Ljava/lang/reflect/Field;+37
j  java.lang.Class.getDeclaredFields()[Ljava/lang/reflect/Field;+11
j  org.springframework.util.ReflectionUtils.getDeclaredFields(Ljava/lang/Class;)[Ljava/lang/reflect/Field;+24
j  org.springframework.util.ReflectionUtils.doWithLocalFields(Ljava/lang/Class;Lorg/springframework/util/ReflectionUtils$FieldCallback;)V+1
j  org.springframework.orm.jpa.support.PersistenceAnnotationBeanPostProcessor.buildPersistenceMetadata(Ljava/lang/Class;)Lorg/springframework/beans/factory/annotation/InjectionMetadata;+56
j  org.springframework.orm.jpa.support.PersistenceAnnotationBeanPostProcessor.findPersistenceMetadata(Ljava/lang/String;Ljava/lang/Class;Lorg/springframework/beans/PropertyValues;)Lorg/springframework/beans/factory/annotation/InjectionMetadata;+88
j  org.springframework.orm.jpa.support.PersistenceAnnotationBeanPostProcessor.postProcessMergedBeanDefinition(Lorg/springframework/beans/factory/support/RootBeanDefinition;Ljava/lang/Class;Ljava/lang/String;)V+4
j  org.springframework.beans.factory.support.AbstractAutowireCapableBeanFactory.applyMergedBeanDefinitionPostProcessors(Lorg/springframework/beans/factory/support/RootBeanDefinition;Ljava/lang/Class;Ljava/lang/String;)V+41
j  org.springframework.beans.factory.support.AbstractAutowireCapableBeanFactory.doCreateBean(Ljava/lang/String;Lorg/springframework/beans/factory/support/RootBeanDefinition;[Ljava/lang/Object;)Ljava/lang/Object;+90
j  org.springframework.beans.factory.support.AbstractAutowireCapableBeanFactory.createBean(Ljava/lang/String;Lorg/springframework/beans/factory/support/RootBeanDefinition;[Ljava/lang/Object;)Ljava/lang/Object;+169
j  org.springframework.beans.factory.support.AbstractBeanFactory.lambda$doGetBean$0(Ljava/lang/String;Lorg/springframework/beans/factory/support/RootBeanDefinition;[Ljava/lang/Object;)Ljava/lang/Object;+4
j  org.springframework.beans.factory.support.AbstractBeanFactory$$Lambda$179.getObject()Ljava/lang/Object;+16
j  org.springframework.beans.factory.support.DefaultSingletonBeanRegistry.getSingleton(Ljava/lang/String;Lorg/springframework/beans/factory/ObjectFactory;)Ljava/lang/Object;+132
J 2155 C1 org.springframework.beans.factory.support.AbstractBeanFactory.doGetBean(Ljava/lang/String;Ljava/lang/Class;[Ljava/lang/Object;Z)Ljava/lang/Object; (832 bytes) @ 0x000002510a145b14 [0x000002510a143aa0+0x2074]
j  org.springframework.beans.factory.support.AbstractBeanFactory.getBean(Ljava/lang/String;)Ljava/lang/Object;+5
j  org.springframework.beans.factory.config.DependencyDescriptor.resolveCandidate(Ljava/lang/String;Ljava/lang/Class;Lorg/springframework/beans/factory/BeanFactory;)Ljava/lang/Object;+2
j  org.springframework.beans.factory.support.DefaultListableBeanFactory.doResolveDependency(Lorg/springframework/beans/factory/config/DependencyDescriptor;Ljava/lang/String;Ljava/util/Set;Lorg/springframework/beans/TypeConverter;)Ljava/lang/Object;+440
j  org.springframework.beans.factory.support.DefaultListableBeanFactory.resolveDependency(Lorg/springframework/beans/factory/config/DependencyDescriptor;Ljava/lang/String;Ljava/util/Set;Lorg/springframework/beans/TypeConverter;)Ljava/lang/Object;+108
j  org.springframework.beans.factory.support.ConstructorResolver.resolveAutowiredArgument(Lorg/springframework/core/MethodParameter;Ljava/lang/String;Ljava/util/Set;Lorg/springframework/beans/TypeConverter;Z)Ljava/lang/Object;+79
j  org.springframework.beans.factory.support.ConstructorResolver.createArgumentArray(Ljava/lang/String;Lorg/springframework/beans/factory/support/RootBeanDefinition;Lorg/springframework/beans/factory/config/ConstructorArgumentValues;Lorg/springframework/beans/BeanWrapper;[Ljava/lang/Class;[Ljava/lang/String;Ljava/lang/reflect/Executable;ZZ)Lorg/springframework/beans/factory/support/ConstructorResolver$ArgumentsHolder;+434
j  org.springframework.beans.factory.support.ConstructorResolver.instantiateUsingFactoryMethod(Ljava/lang/String;Lorg/springframework/beans/factory/support/RootBeanDefinition;[Ljava/lang/Object;)Lorg/springframework/beans/BeanWrapper;+736
j  org.springframework.beans.factory.support.AbstractAutowireCapableBeanFactory.instantiateUsingFactoryMethod(Ljava/lang/String;Lorg/springframework/beans/factory/support/RootBeanDefinition;[Ljava/lang/Object;)Lorg/springframework/beans/BeanWrapper;+11
j  org.springframework.beans.factory.support.AbstractAutowireCapableBeanFactory.createBeanInstance(Ljava/lang/String;Lorg/springframework/beans/factory/support/RootBeanDefinition;[Ljava/lang/Object;)Lorg/springframework/beans/BeanWrapper;+102
j  org.springframework.beans.factory.support.AbstractAutowireCapableBeanFactory.doCreateBean(Ljava/lang/String;Lorg/springframework/beans/factory/support/RootBeanDefinition;[Ljava/lang/Object;)Ljava/lang/Object;+34
j  org.springframework.beans.factory.support.AbstractAutowireCapableBeanFactory.createBean(Ljava/lang/String;Lorg/springframework/beans/factory/support/RootBeanDefinition;[Ljava/lang/Object;)Ljava/lang/Object;+169
j  org.springframework.beans.factory.support.AbstractBeanFactory.lambda$doGetBean$0(Ljava/lang/String;Lorg/springframework/beans/factory/support/RootBeanDefinition;[Ljava/lang/Object;)Ljava/lang/Object;+4
j  org.springframework.beans.factory.support.AbstractBeanFactory$$Lambda$179.getObject()Ljava/lang/Object;+16
j  org.springframework.beans.factory.support.DefaultSingletonBeanRegistry.getSingleton(Ljava/lang/String;Lorg/springframework/beans/factory/ObjectFactory;)Ljava/lang/Object;+132
J 2155 C1 org.springframework.beans.factory.support.AbstractBeanFactory.doGetBean(Ljava/lang/String;Ljava/lang/Class;[Ljava/lang/Object;Z)Ljava/lang/Object; (832 bytes) @ 0x000002510a145b14 [0x000002510a143aa0+0x2074]
j  org.springframework.beans.factory.support.AbstractBeanFactory.getBean(Ljava/lang/String;)Ljava/lang/Object;+5
j  org.springframework.beans.factory.config.DependencyDescriptor.resolveCandidate(Ljava/lang/String;Ljava/lang/Class;Lorg/springframework/beans/factory/BeanFactory;)Ljava/lang/Object;+2
j  org.springframework.beans.factory.support.DefaultListableBeanFactory.doResolveDependency(Lorg/springframework/beans/factory/config/DependencyDescriptor;Ljava/lang/String;Ljava/util/Set;Lorg/springframework/beans/TypeConverter;)Ljava/lang/Object;+440
j  org.springframework.beans.factory.support.DefaultListableBeanFactory.resolveDependency(Lorg/springframework/beans/factory/config/DependencyDescriptor;Ljava/lang/String;Ljava/util/Set;Lorg/springframework/beans/TypeConverter;)Ljava/lang/Object;+108
j  org.springframework.beans.factory.support.ConstructorResolver.resolveAutowiredArgument(Lorg/springframework/core/MethodParameter;Ljava/lang/String;Ljava/util/Set;Lorg/springframework/beans/TypeConverter;Z)Ljava/lang/Object;+79
j  org.springframework.beans.factory.support.ConstructorResolver.createArgumentArray(Ljava/lang/String;Lorg/springframework/beans/factory/support/RootBeanDefinition;Lorg/springframework/beans/factory/config/ConstructorArgumentValues;Lorg/springframework/beans/BeanWrapper;[Ljava/lang/Class;[Ljava/lang/String;Ljava/lang/reflect/Executable;ZZ)Lorg/springframework/beans/factory/support/ConstructorResolver$ArgumentsHolder;+434
j  org.springframework.beans.factory.support.ConstructorResolver.instantiateUsingFactoryMethod(Ljava/lang/String;Lorg/springframework/beans/factory/support/RootBeanDefinition;[Ljava/lang/Object;)Lorg/springframework/beans/BeanWrapper;+736
j  org.springframework.beans.factory.support.AbstractAutowireCapableBeanFactory.instantiateUsingFactoryMethod(Ljava/lang/String;Lorg/springframework/beans/factory/support/RootBeanDefinition;[Ljava/lang/Object;)Lorg/springframework/beans/BeanWrapper;+11
j  org.springframework.beans.factory.support.AbstractAutowireCapableBeanFactory.createBeanInstance(Ljava/lang/String;Lorg/springframework/beans/factory/support/RootBeanDefinition;[Ljava/lang/Object;)Lorg/springframework/beans/BeanWrapper;+102
j  org.springframework.beans.factory.support.AbstractAutowireCapableBeanFactory.doCreateBean(Ljava/lang/String;Lorg/springframework/beans/factory/support/RootBeanDefinition;[Ljava/lang/Object;)Ljava/lang/Object;+34
j  org.springframework.beans.factory.support.AbstractAutowireCapableBeanFactory.createBean(Ljava/lang/String;Lorg/springframework/beans/factory/support/RootBeanDefinition;[Ljava/lang/Object;)Ljava/lang/Object;+169
j  org.springframework.beans.factory.support.AbstractBeanFactory.lambda$doGetBean$0(Ljava/lang/String;Lorg/springframework/beans/factory/support/RootBeanDefinition;[Ljava/lang/Object;)Ljava/lang/Object;+4
j  org.springframework.beans.factory.support.AbstractBeanFactory$$Lambda$179.getObject()Ljava/lang/Object;+16
j  org.springframework.beans.factory.support.DefaultSingletonBeanRegistry.getSingleton(Ljava/lang/String;Lorg/springframework/beans/factory/ObjectFactory;)Ljava/lang/Object;+132
J 2155 C1 org.springframework.beans.factory.support.AbstractBeanFactory.doGetBean(Ljava/lang/String;Ljava/lang/Class;[Ljava/lang/Object;Z)Ljava/lang/Object; (832 bytes) @ 0x000002510a145b14 [0x000002510a143aa0+0x2074]
j  org.springframework.beans.factory.support.AbstractBeanFactory.getBean(Ljava/lang/String;)Ljava/lang/Object;+5
j  org.springframework.beans.factory.support.DefaultListableBeanFactory.getBeansOfType(Ljava/lang/Class;ZZ)Ljava/util/Map;+46
j  org.springframework.boot.web.server.ErrorPageRegistrarBeanPostProcessor.getRegistrars()Ljava/util/Collection;+20
j  org.springframework.boot.web.server.ErrorPageRegistrarBeanPostProcessor.postProcessBeforeInitialization(Lorg/springframework/boot/web/server/ErrorPageRegistry;)V+1
j  org.springframework.boot.web.server.ErrorPageRegistrarBeanPostProcessor.postProcessBeforeInitialization(Ljava/lang/Object;Ljava/lang/String;)Ljava/lang/Object;+12
j  org.springframework.beans.factory.support.AbstractAutowireCapableBeanFactory.applyBeanPostProcessorsBeforeInitialization(Ljava/lang/Object;Ljava/lang/String;)Ljava/lang/Object;+39
j  org.springframework.beans.factory.support.AbstractAutowireCapableBeanFactory.initializeBean(Ljava/lang/String;Ljava/lang/Object;Lorg/springframework/beans/factory/support/RootBeanDefinition;)Ljava/lang/Object;+49
j  org.springframework.beans.factory.support.AbstractAutowireCapableBeanFactory.doCreateBean(Ljava/lang/String;Lorg/springframework/beans/factory/support/RootBeanDefinition;[Ljava/lang/Object;)Ljava/lang/Object;+245
j  org.springframework.beans.factory.support.AbstractAutowireCapableBeanFactory.createBean(Ljava/lang/String;Lorg/springframework/beans/factory/support/RootBeanDefinition;[Ljava/lang/Object;)Ljava/lang/Object;+169
j  org.springframework.beans.factory.support.AbstractBeanFactory.lambda$doGetBean$0(Ljava/lang/String;Lorg/springframework/beans/factory/support/RootBeanDefinition;[Ljava/lang/Object;)Ljava/lang/Object;+4
j  org.springframework.beans.factory.support.AbstractBeanFactory$$Lambda$179.getObject()Ljava/lang/Object;+16
j  org.springframework.beans.factory.support.DefaultSingletonBeanRegistry.getSingleton(Ljava/lang/String;Lorg/springframework/beans/factory/ObjectFactory;)Ljava/lang/Object;+132
J 2155 C1 org.springframework.beans.factory.support.AbstractBeanFactory.doGetBean(Ljava/lang/String;Ljava/lang/Class;[Ljava/lang/Object;Z)Ljava/lang/Object; (832 bytes) @ 0x000002510a145b14 [0x000002510a143aa0+0x2074]
J 1863 C1 org.springframework.beans.factory.support.AbstractBeanFactory.getBean(Ljava/lang/String;Ljava/lang/Class;)Ljava/lang/Object; (9 bytes) @ 0x000002510a050884 [0x000002510a050780+0x104]
j  org.springframework.boot.web.servlet.context.ServletWebServerApplicationContext.getWebServerFactory()Lorg/springframework/boot/web/servlet/server/ServletWebServerFactory;+72
j  org.springframework.boot.web.servlet.context.ServletWebServerApplicationContext.createWebServer()V+31
j  org.springframework.boot.web.servlet.context.ServletWebServerApplicationContext.onRefresh()V+5
j  org.springframework.context.support.AbstractApplicationContext.refresh()V+77
j  org.springframework.boot.web.servlet.context.ServletWebServerApplicationContext.refresh()V+1
j  org.springframework.boot.SpringApplication.refresh(Lorg/springframework/context/ConfigurableApplicationContext;)V+1
j  org.springframework.boot.SpringApplication.refresh(Lorg/springframework/context/ApplicationContext;)V+12
j  org.springframework.boot.SpringApplication.refreshContext(Lorg/springframework/context/ConfigurableApplicationContext;)V+19
j  org.springframework.boot.SpringApplication.run([Ljava/lang/String;)Lorg/springframework/context/ConfigurableApplicationContext;+111
j  org.springframework.boot.SpringApplication.run([Ljava/lang/Class;[Ljava/lang/String;)Lorg/springframework/context/ConfigurableApplicationContext;+9
j  org.springframework.boot.SpringApplication.run(Ljava/lang/Class;[Ljava/lang/String;)Lorg/springframework/context/ConfigurableApplicationContext;+9
j  com.example.foodInventoryNew.FoodInventoryNewApplication.main([Ljava/lang/String;)V+3
v  ~StubRoutines::call_stub

---------------  P R O C E S S  ---------------

Java Threads: ( => current thread )
  0x000002511bdcc800 JavaThread "Service Thread" daemon [_thread_blocked, id=13840, stack(0x00000061c4100000,0x00000061c4200000)]
  0x000002511bd5a000 JavaThread "C1 CompilerThread3" daemon [_thread_blocked, id=13160, stack(0x00000061c4000000,0x00000061c4100000)]
  0x000002511bd59000 JavaThread "C2 CompilerThread2" daemon [_thread_in_native, id=15824, stack(0x00000061c3f00000,0x00000061c4000000)]
  0x000002511bd4b800 JavaThread "C2 CompilerThread1" daemon [_thread_in_native, id=6068, stack(0x00000061c3e00000,0x00000061c3f00000)]
  0x000002511bd46000 JavaThread "C2 CompilerThread0" daemon [_thread_blocked, id=6956, stack(0x00000061c3d00000,0x00000061c3e00000)]
  0x000002511bd50000 JavaThread "Attach Listener" daemon [_thread_blocked, id=6048, stack(0x00000061c3c00000,0x00000061c3d00000)]
  0x000002511bd4e800 JavaThread "Signal Dispatcher" daemon [_thread_blocked, id=14216, stack(0x00000061c3b00000,0x00000061c3c00000)]
  0x000002511bd2a000 JavaThread "Finalizer" daemon [_thread_blocked, id=15828, stack(0x00000061c3a00000,0x00000061c3b00000)]
  0x000002511bd02000 JavaThread "Reference Handler" daemon [_thread_blocked, id=1780, stack(0x00000061c3900000,0x00000061c3a00000)]
=>0x00000251080ce800 JavaThread "main" [_thread_in_vm, id=16072, stack(0x00000061c2f00000,0x00000061c3000000)]

Other Threads:
  0x000002511bcfa800 VMThread [stack: 0x00000061c3800000,0x00000061c3900000] [id=15524]
  0x000002511dc1c000 WatcherThread [stack: 0x00000061c4200000,0x00000061c4300000] [id=13800]

VM state:not at safepoint (normal execution)

VM Mutex/Monitor currently owned by a thread: None

heap address: 0x00000000c1600000, size: 1002 MB, Compressed Oops mode: 32-bit
Narrow klass base: 0x0000000000000000, Narrow klass shift: 3
Compressed class space size: 1073741824 Address: 0x0000000100000000

Heap:
 PSYoungGen      total 72704K, used 41585K [0x00000000eb200000, 0x00000000f3f00000, 0x0000000100000000)
  eden space 65024K, 63% used [0x00000000eb200000,0x00000000eda9c508,0x00000000ef180000)
  from space 7680K, 0% used [0x00000000ef180000,0x00000000ef180000,0x00000000ef900000)
  to   space 7168K, 0% used [0x00000000f3800000,0x00000000f3800000,0x00000000f3f00000)
 ParOldGen       total 30208K, used 7087K [0x00000000c1600000, 0x00000000c3380000, 0x00000000eb200000)
  object space 30208K, 23% used [0x00000000c1600000,0x00000000c1cebed0,0x00000000c3380000)
 Metaspace       used 24233K, capacity 25860K, committed 26112K, reserved 1071104K
  class space    used 3166K, capacity 3494K, committed 3584K, reserved 1048576K

Card table byte_map: [0x0000025118e10000,0x0000025119010000] byte_map_base: 0x0000025118805000

Marking Bits: (ParMarkBitMap*) 0x000000006bba7fe0
 Begin Bits: [0x0000025119160000, 0x000002511a108000)
 End Bits:   [0x000002511a108000, 0x000002511b0b0000)

Polling page: 0x0000025109a20000

CodeCache: size=245760Kb used=8489Kb max_used=8495Kb free=237271Kb
 bounds [0x0000025109a50000, 0x000002510a2b0000, 0x0000025118a50000]
 total_blobs=2924 nmethods=2554 adapters=282
 compilation: enabled

Compilation events (10 events):
Event: 4.825 Thread 0x000002511bd5a000 nmethod 2551 0x000002510a29c590 code [0x000002510a29c6e0, 0x000002510a29c7d8]
Event: 4.826 Thread 0x000002511bd5a000 2552       1       org.springframework.core.MethodParameter::getNestingLevel (5 bytes)
Event: 4.826 Thread 0x000002511bd5a000 nmethod 2552 0x000002510a29c2d0 code [0x000002510a29c420, 0x000002510a29c538]
Event: 4.827 Thread 0x000002511bd59000 2553       4       org.springframework.boot.context.properties.source.ConfigurationPropertyName$ElementsParser::parse (234 bytes)
Event: 4.827 Thread 0x000002511bd46000 2554       4       java.lang.StringBuilder::length (5 bytes)
Event: 4.828 Thread 0x000002511bd46000 nmethod 2554 0x000002510a265890 code [0x000002510a2659c0, 0x000002510a265a18]
Event: 4.829 Thread 0x000002511bd5a000 2555       3       org.springframework.boot.context.properties.source.ConfigurationPropertyName::dashIgnoringElementEquals (148 bytes)
Event: 4.830 Thread 0x000002511bd5a000 nmethod 2555 0x000002510a29fe90 code [0x000002510a2a0080, 0x000002510a2a0830]
Event: 4.830 Thread 0x000002511bd5a000 2556       3       java.util.Collections$UnmodifiableCollection::toArray (11 bytes)
Event: 4.830 Thread 0x000002511bd5a000 nmethod 2556 0x000002510a29fa10 code [0x000002510a29fb80, 0x000002510a29fdb0]

GC Heap History (10 events):
Event: 2.135 GC heap before
{Heap before GC invocations=4 (full 0):
 PSYoungGen      total 18944K, used 18920K [0x00000000eb200000, 0x00000000ed700000, 0x0000000100000000)
  eden space 16384K, 100% used [0x00000000eb200000,0x00000000ec200000,0x00000000ec200000)
  from space 2560K, 99% used [0x00000000ec200000,0x00000000ec47a000,0x00000000ec480000)
  to   space 2560K, 0% used [0x00000000ed480000,0x00000000ed480000,0x00000000ed700000)
 ParOldGen       total 44032K, used 3378K [0x00000000c1600000, 0x00000000c4100000, 0x00000000eb200000)
  object space 44032K, 7% used [0x00000000c1600000,0x00000000c194c850,0x00000000c4100000)
 Metaspace       used 14507K, capacity 15178K, committed 15360K, reserved 1062912K
  class space    used 1799K, capacity 1971K, committed 2048K, reserved 1048576K
Event: 2.150 GC heap after
Heap after GC invocations=4 (full 0):
 PSYoungGen      total 35328K, used 2549K [0x00000000eb200000, 0x00000000ed700000, 0x0000000100000000)
  eden space 32768K, 0% used [0x00000000eb200000,0x00000000eb200000,0x00000000ed200000)
  from space 2560K, 99% used [0x00000000ed480000,0x00000000ed6fd6d8,0x00000000ed700000)
  to   space 2560K, 0% used [0x00000000ed200000,0x00000000ed200000,0x00000000ed480000)
 ParOldGen       total 44032K, used 5957K [0x00000000c1600000, 0x00000000c4100000, 0x00000000eb200000)
  object space 44032K, 13% used [0x00000000c1600000,0x00000000c1bd1648,0x00000000c4100000)
 Metaspace       used 14507K, capacity 15178K, committed 15360K, reserved 1062912K
  class space    used 1799K, capacity 1971K, committed 2048K, reserved 1048576K
}
Event: 2.615 GC heap before
{Heap before GC invocations=5 (full 0):
 PSYoungGen      total 35328K, used 35313K [0x00000000eb200000, 0x00000000ed700000, 0x0000000100000000)
  eden space 32768K, 99% used [0x00000000eb200000,0x00000000ed1fed68,0x00000000ed200000)
  from space 2560K, 99% used [0x00000000ed480000,0x00000000ed6fd6d8,0x00000000ed700000)
  to   space 2560K, 0% used [0x00000000ed200000,0x00000000ed200000,0x00000000ed480000)
 ParOldGen       total 44032K, used 6187K [0x00000000c1600000, 0x00000000c4100000, 0x00000000eb200000)
  object space 44032K, 14% used [0x00000000c1600000,0x00000000c1c0af48,0x00000000c4100000)
 Metaspace       used 18342K, capacity 19118K, committed 19200K, reserved 1067008K
  class space    used 2336K, capacity 2525K, committed 2560K, reserved 1048576K
Event: 2.630 GC heap after
Heap after GC invocations=5 (full 0):
 PSYoungGen      total 35328K, used 2549K [0x00000000eb200000, 0x00000000f0000000, 0x0000000100000000)
  eden space 32768K, 0% used [0x00000000eb200000,0x00000000eb200000,0x00000000ed200000)
  from space 2560K, 99% used [0x00000000ed200000,0x00000000ed47d6d8,0x00000000ed480000)
  to   space 7168K, 0% used [0x00000000ef900000,0x00000000ef900000,0x00000000f0000000)
 ParOldGen       total 44032K, used 10435K [0x00000000c1600000, 0x00000000c4100000, 0x00000000eb200000)
  object space 44032K, 23% used [0x00000000c1600000,0x00000000c2030f28,0x00000000c4100000)
 Metaspace       used 18342K, capacity 19118K, committed 19200K, reserved 1067008K
  class space    used 2336K, capacity 2525K, committed 2560K, reserved 1048576K
}
Event: 2.649 GC heap before
{Heap before GC invocations=6 (full 0):
 PSYoungGen      total 35328K, used 35317K [0x00000000eb200000, 0x00000000f0000000, 0x0000000100000000)
  eden space 32768K, 100% used [0x00000000eb200000,0x00000000ed200000,0x00000000ed200000)
  from space 2560K, 99% used [0x00000000ed200000,0x00000000ed47d6d8,0x00000000ed480000)
  to   space 7168K, 0% used [0x00000000ef900000,0x00000000ef900000,0x00000000f0000000)
 ParOldGen       total 44032K, used 10893K [0x00000000c1600000, 0x00000000c4100000, 0x00000000eb200000)
  object space 44032K, 24% used [0x00000000c1600000,0x00000000c20a36a8,0x00000000c4100000)
 Metaspace       used 18362K, capacity 19118K, committed 19200K, reserved 1067008K
  class space    used 2339K, capacity 2525K, committed 2560K, reserved 1048576K
Event: 2.663 GC heap after
Heap after GC invocations=6 (full 0):
 PSYoungGen      total 72192K, used 2686K [0x00000000eb200000, 0x00000000f0100000, 0x0000000100000000)
  eden space 65024K, 0% used [0x00000000eb200000,0x00000000eb200000,0x00000000ef180000)
  from space 7168K, 37% used [0x00000000ef900000,0x00000000efb9f948,0x00000000f0000000)
  to   space 7680K, 0% used [0x00000000ef180000,0x00000000ef180000,0x00000000ef900000)
 ParOldGen       total 44032K, used 10893K [0x00000000c1600000, 0x00000000c4100000, 0x00000000eb200000)
  object space 44032K, 24% used [0x00000000c1600000,0x00000000c20a36a8,0x00000000c4100000)
 Metaspace       used 18362K, capacity 19118K, committed 19200K, reserved 1067008K
  class space    used 2339K, capacity 2525K, committed 2560K, reserved 1048576K
}
Event: 3.523 GC heap before
{Heap before GC invocations=7 (full 0):
 PSYoungGen      total 72192K, used 35111K [0x00000000eb200000, 0x00000000f0100000, 0x0000000100000000)
  eden space 65024K, 49% used [0x00000000eb200000,0x00000000ed1aa420,0x00000000ef180000)
  from space 7168K, 37% used [0x00000000ef900000,0x00000000efb9f948,0x00000000f0000000)
  to   space 7680K, 0% used [0x00000000ef180000,0x00000000ef180000,0x00000000ef900000)
 ParOldGen       total 44032K, used 10893K [0x00000000c1600000, 0x00000000c4100000, 0x00000000eb200000)
  object space 44032K, 24% used [0x00000000c1600000,0x00000000c20a36a8,0x00000000c4100000)
 Metaspace       used 20220K, capacity 21228K, committed 21248K, reserved 1067008K
  class space    used 2560K, capacity 2810K, committed 2816K, reserved 1048576K
Event: 3.535 GC heap after
Heap after GC invocations=7 (full 0):
 PSYoungGen      total 72704K, used 4433K [0x00000000eb200000, 0x00000000f3f00000, 0x0000000100000000)
  eden space 65024K, 0% used [0x00000000eb200000,0x00000000eb200000,0x00000000ef180000)
  from space 7680K, 57% used [0x00000000ef180000,0x00000000ef5d47f8,0x00000000ef900000)
  to   space 7168K, 0% used [0x00000000f3800000,0x00000000f3800000,0x00000000f3f00000)
 ParOldGen       total 44032K, used 12114K [0x00000000c1600000, 0x00000000c4100000, 0x00000000eb200000)
  object space 44032K, 27% used [0x00000000c1600000,0x00000000c21d48f0,0x00000000c4100000)
 Metaspace       used 20220K, capacity 21228K, committed 21248K, reserved 1067008K
  class space    used 2560K, capacity 2810K, committed 2816K, reserved 1048576K
}
Event: 3.535 GC heap before
{Heap before GC invocations=8 (full 1):
 PSYoungGen      total 72704K, used 4433K [0x00000000eb200000, 0x00000000f3f00000, 0x0000000100000000)
  eden space 65024K, 0% used [0x00000000eb200000,0x00000000eb200000,0x00000000ef180000)
  from space 7680K, 57% used [0x00000000ef180000,0x00000000ef5d47f8,0x00000000ef900000)
  to   space 7168K, 0% used [0x00000000f3800000,0x00000000f3800000,0x00000000f3f00000)
 ParOldGen       total 44032K, used 12114K [0x00000000c1600000, 0x00000000c4100000, 0x00000000eb200000)
  object space 44032K, 27% used [0x00000000c1600000,0x00000000c21d48f0,0x00000000c4100000)
 Metaspace       used 20220K, capacity 21228K, committed 21248K, reserved 1067008K
  class space    used 2560K, capacity 2810K, committed 2816K, reserved 1048576K
Event: 3.575 GC heap after
Heap after GC invocations=8 (full 1):
 PSYoungGen      total 72704K, used 0K [0x00000000eb200000, 0x00000000f3f00000, 0x0000000100000000)
  eden space 65024K, 0% used [0x00000000eb200000,0x00000000eb200000,0x00000000ef180000)
  from space 7680K, 0% used [0x00000000ef180000,0x00000000ef180000,0x00000000ef900000)
  to   space 7168K, 0% used [0x00000000f3800000,0x00000000f3800000,0x00000000f3f00000)
 ParOldGen       total 30208K, used 7087K [0x00000000c1600000, 0x00000000c3380000, 0x00000000eb200000)
  object space 30208K, 23% used [0x00000000c1600000,0x00000000c1cebed0,0x00000000c3380000)
 Metaspace       used 20220K, capacity 21228K, committed 21248K, reserved 1067008K
  class space    used 2560K, capacity 2810K, committed 2816K, reserved 1048576K
}

Deoptimization events (10 events):
Event: 3.473 Thread 0x00000251080ce800 Uncommon trap: reason=class_check action=maybe_recompile pc=0x0000025109c2f2d4 method=java.lang.String.equals(Ljava/lang/Object;)Z @ 8
Event: 3.474 Thread 0x00000251080ce800 Uncommon trap: reason=unstable_if action=reinterpret pc=0x000002510a091cec method=org.springframework.core.annotation.MergedAnnotationsCollection.isMappingForType(Lorg/springframework/core/annotation/AnnotationTypeMapping;Ljava/lang/Object;)Z @ 13
Event: 3.474 Thread 0x00000251080ce800 Uncommon trap: reason=class_check action=maybe_recompile pc=0x0000025109c2f2d4 method=java.lang.String.equals(Ljava/lang/Object;)Z @ 8
Event: 3.662 Thread 0x00000251080ce800 Uncommon trap: reason=unstable_if action=reinterpret pc=0x0000025109ee30b8 method=java.util.Arrays.equals([Ljava/lang/Object;[Ljava/lang/Object;)Z @ 65
Event: 3.794 Thread 0x00000251080ce800 Uncommon trap: reason=class_check action=maybe_recompile pc=0x0000025109e3e684 method=java.util.HashMap.putVal(ILjava/lang/Object;Ljava/lang/Object;ZZ)Ljava/lang/Object; @ 203
Event: 4.219 Thread 0x00000251080ce800 Uncommon trap: reason=unstable_if action=reinterpret pc=0x000002510a1ac6a0 method=org.springframework.beans.factory.support.AbstractBeanFactory.isTypeMatch(Ljava/lang/String;Lorg/springframework/core/ResolvableType;Z)Z @ 99
Event: 4.219 Thread 0x00000251080ce800 Uncommon trap: reason=unstable_if action=reinterpret pc=0x000002510a175b10 method=org.springframework.beans.factory.support.AbstractBeanFactory.getBeanPostProcessorCache()Lorg/springframework/beans/factory/support/AbstractBeanFactory$BeanPostProcessorCach
Event: 4.222 Thread 0x00000251080ce800 Uncommon trap: reason=unstable_if action=reinterpret pc=0x000002510a12b9b0 method=org.springframework.beans.factory.support.AbstractBeanFactory.getMergedLocalBeanDefinition(Ljava/lang/String;)Lorg/springframework/beans/factory/support/RootBeanDefinition; 
Event: 4.227 Thread 0x00000251080ce800 Uncommon trap: reason=unstable_if action=reinterpret pc=0x000002510a13dbac method=org.springframework.beans.factory.support.DefaultSingletonBeanRegistry.getSingleton(Ljava/lang/String;Z)Ljava/lang/Object; @ 20
Event: 4.239 Thread 0x00000251080ce800 Uncommon trap: reason=unstable_if action=reinterpret pc=0x000002510a163120 method=org.springframework.beans.factory.support.AbstractBeanFactory.hasInstantiationAwareBeanPostProcessors()Z @ 12

Classes redefined (0 events):
No events

Internal exceptions (10 events):
Event: 4.293 Thread 0x00000251080ce800 Exception <a 'java/lang/ClassNotFoundException': org/springframework/beans/factory/BeanFactoryAwareCustomizer> (0x00000000ecc66118) thrown at [C:\jenkins\workspace\8-2-build-windows-amd64-cygwin\jdk8u301\1513\hotspot\src\share\vm\classfile\systemDictionar
Event: 4.293 Thread 0x00000251080ce800 Exception <a 'java/lang/ClassNotFoundException': org/springframework/beans/factory/AwareCustomizer> (0x00000000ecc77e00) thrown at [C:\jenkins\workspace\8-2-build-windows-amd64-cygwin\jdk8u301\1513\hotspot\src\share\vm\classfile\systemDictionary.cpp, line
Event: 4.293 Thread 0x00000251080ce800 Exception <a 'java/lang/ClassNotFoundException': org/springframework/core/OrderedCustomizer> (0x00000000ecc86828) thrown at [C:\jenkins\workspace\8-2-build-windows-amd64-cygwin\jdk8u301\1513\hotspot\src\share\vm\classfile\systemDictionary.cpp, line 212]
Event: 4.294 Thread 0x00000251080ce800 Exception <a 'java/lang/ClassNotFoundException': org/springframework/beans/factory/BeanClassLoaderAwareCustomizer> (0x00000000ecc9b198) thrown at [C:\jenkins\workspace\8-2-build-windows-amd64-cygwin\jdk8u301\1513\hotspot\src\share\vm\classfile\systemDicti
Event: 4.294 Thread 0x00000251080ce800 Exception <a 'java/lang/ClassNotFoundException': org/springframework/beans/factory/AwareCustomizer> (0x00000000eccac960) thrown at [C:\jenkins\workspace\8-2-build-windows-amd64-cygwin\jdk8u301\1513\hotspot\src\share\vm\classfile\systemDictionary.cpp, line
Event: 4.294 Thread 0x00000251080ce800 Exception <a 'java/lang/ClassNotFoundException': org/springframework/aop/framework/AopInfrastructureBeanCustomizer> (0x00000000eccc0680) thrown at [C:\jenkins\workspace\8-2-build-windows-amd64-cygwin\jdk8u301\1513\hotspot\src\share\vm\classfile\systemDict
Event: 4.309 Thread 0x00000251080ce800 Exception <a 'java/lang/NoSuchMethodError': java.lang.Object.lambda$and$0(Lorg/springframework/util/ReflectionUtils$MethodFilter;Ljava/lang/reflect/Method;)Z> (0x00000000ecd3df48) thrown at [C:\jenkins\workspace\8-2-build-windows-amd64-cygwin\jdk8u301\151
Event: 4.314 Thread 0x00000251080ce800 Exception <a 'java/lang/NoSuchMethodError': java.lang.Object.lambda$thenComparing$36697e65$1(Ljava/util/Comparator;Ljava/lang/Object;Ljava/lang/Object;)I> (0x00000000ecd73920) thrown at [C:\jenkins\workspace\8-2-build-windows-amd64-cygwin\jdk8u301\1513\ho
Event: 4.412 Thread 0x00000251080ce800 Exception <a 'java/lang/NoSuchMethodError': java.lang.Object.lambda$map$1(Ljava/util/function/Function;)Ljava/util/stream/Stream;> (0x00000000ed15e1f0) thrown at [C:\jenkins\workspace\8-2-build-windows-amd64-cygwin\jdk8u301\1513\hotspot\src\share\vm\inter
Event: 4.716 Thread 0x00000251080ce800 Exception <a 'java/lang/IncompatibleClassChangeError': Found class java.lang.Object, but interface was expected> (0x00000000ed7fdc50) thrown at [C:\jenkins\workspace\8-2-build-windows-amd64-cygwin\jdk8u301\1513\hotspot\src\share\vm\interpreter\linkResolve

Events (10 events):
Event: 4.846 loading class javax/servlet/http/LocalStrings_en_US
Event: 4.846 loading class javax/servlet/http/LocalStrings_en_US done
Event: 4.846 loading class org/springframework/web/context/support/XmlWebApplicationContext
Event: 4.846 loading class org/springframework/web/context/support/XmlWebApplicationContext done
Event: 4.847 loading class org/springframework/web/context/support/AbstractRefreshableWebApplicationContext
Event: 4.847 loading class org/springframework/web/context/support/AbstractRefreshableWebApplicationContext done
Event: 4.847 loading class org/springframework/context/support/AbstractRefreshableConfigApplicationContext
Event: 4.847 loading class org/springframework/context/support/AbstractRefreshableConfigApplicationContext done
Event: 4.847 loading class org/springframework/context/support/AbstractRefreshableApplicationContext
Event: 4.847 loading class org/springframework/context/support/AbstractRefreshableApplicationContext done


Dynamic libraries:
0x00007ff622200000 - 0x00007ff622247000 	C:\Program Files\Java\jre1.8.0_301\bin\javaw.exe
0x00007ffba7c10000 - 0x00007ffba7e05000 	C:\Windows\SYSTEM32\ntdll.dll
0x00007ffba6890000 - 0x00007ffba694d000 	C:\Windows\System32\KERNEL32.DLL
0x00007ffba5500000 - 0x00007ffba57c9000 	C:\Windows\System32\KERNELBASE.dll
0x00007ffba7220000 - 0x00007ffba72cc000 	C:\Windows\System32\ADVAPI32.dll
0x00007ffba60e0000 - 0x00007ffba617e000 	C:\Windows\System32\msvcrt.dll
0x00007ffba6aa0000 - 0x00007ffba6b3b000 	C:\Windows\System32\sechost.dll
0x00007ffba5fb0000 - 0x00007ffba60da000 	C:\Windows\System32\RPCRT4.dll
0x00007ffba6180000 - 0x00007ffba6320000 	C:\Windows\System32\USER32.dll
0x00007ffba54d0000 - 0x00007ffba54f2000 	C:\Windows\System32\win32u.dll
0x00007ffba7b40000 - 0x00007ffba7b6a000 	C:\Windows\System32\GDI32.dll
0x00007ffba5b10000 - 0x00007ffba5c1b000 	C:\Windows\System32\gdi32full.dll
0x00007ffba5930000 - 0x00007ffba59cd000 	C:\Windows\System32\msvcp_win.dll
0x00007ffba5830000 - 0x00007ffba5930000 	C:\Windows\System32\ucrtbase.dll
0x00007ffb86ed0000 - 0x00007ffb8716a000 	C:\Windows\WinSxS\amd64_microsoft.windows.common-controls_6595b64144ccf1df_6.0.19041.1110_none_60b5254171f9507e\COMCTL32.dll
0x00007ffba5e20000 - 0x00007ffba5e50000 	C:\Windows\System32\IMM32.DLL
0x00007ffba0900000 - 0x00007ffba0915000 	C:\Program Files\Java\jre1.8.0_301\bin\vcruntime140.dll
0x00007ffb60e20000 - 0x00007ffb60ebb000 	C:\Program Files\Java\jre1.8.0_301\bin\msvcp140.dll
0x000000006b3c0000 - 0x000000006bc20000 	C:\Program Files\Java\jre1.8.0_301\bin\server\jvm.dll
0x00007ffba6950000 - 0x00007ffba6958000 	C:\Windows\System32\PSAPI.DLL
0x00007ffb9f4b0000 - 0x00007ffb9f4ba000 	C:\Windows\SYSTEM32\VERSION.dll
0x00007ffb87760000 - 0x00007ffb87769000 	C:\Windows\SYSTEM32\WSOCK32.dll
0x00007ffb8c780000 - 0x00007ffb8c7a7000 	C:\Windows\SYSTEM32\WINMM.dll
0x00007ffba6d30000 - 0x00007ffba6d9b000 	C:\Windows\System32\WS2_32.dll
0x00007ffba3e40000 - 0x00007ffba3e52000 	C:\Windows\SYSTEM32\kernel.appcore.dll
0x00007ffb9dde0000 - 0x00007ffb9ddf0000 	C:\Program Files\Java\jre1.8.0_301\bin\verify.dll
0x00007ffb6ab00000 - 0x00007ffb6ab2b000 	C:\Program Files\Java\jre1.8.0_301\bin\java.dll
0x00007ffb88d00000 - 0x00007ffb88d18000 	C:\Program Files\Java\jre1.8.0_301\bin\zip.dll
0x00007ffba7400000 - 0x00007ffba7b3f000 	C:\Windows\System32\SHELL32.dll
0x00007ffba3150000 - 0x00007ffba38e0000 	C:\Windows\SYSTEM32\windows.storage.dll
0x00007ffba6320000 - 0x00007ffba6675000 	C:\Windows\System32\combase.dll
0x00007ffba4cd0000 - 0x00007ffba4cfc000 	C:\Windows\SYSTEM32\Wldp.dll
0x00007ffba66e0000 - 0x00007ffba678e000 	C:\Windows\System32\SHCORE.dll
0x00007ffba6790000 - 0x00007ffba67e5000 	C:\Windows\System32\shlwapi.dll
0x00007ffba5280000 - 0x00007ffba529f000 	C:\Windows\SYSTEM32\profapi.dll
0x00007ffba08e0000 - 0x00007ffba08ed000 	C:\Program Files\Java\jre1.8.0_301\bin\management.dll
0x00007ffb711b0000 - 0x00007ffb711cc000 	C:\Program Files\Java\jre1.8.0_301\bin\net.dll
0x00007ffba4a30000 - 0x00007ffba4a9a000 	C:\Windows\system32\mswsock.dll
0x00007ffb7fd30000 - 0x00007ffb7fd47000 	C:\Windows\system32\napinsp.dll
0x00007ffb7fd10000 - 0x00007ffb7fd2b000 	C:\Windows\system32\pnrpnsp.dll
0x00007ffb7fcf0000 - 0x00007ffb7fd05000 	C:\Windows\system32\wshbth.dll
0x00007ffba0830000 - 0x00007ffba084d000 	C:\Windows\system32\NLAapi.dll
0x00007ffba4720000 - 0x00007ffba475b000 	C:\Windows\SYSTEM32\IPHLPAPI.DLL
0x00007ffba4760000 - 0x00007ffba482c000 	C:\Windows\SYSTEM32\DNSAPI.dll
0x00007ffba73f0000 - 0x00007ffba73f8000 	C:\Windows\System32\NSI.dll
0x00007ffb82090000 - 0x00007ffb820a2000 	C:\Windows\System32\winrnr.dll
0x00007ffb90510000 - 0x00007ffb9051a000 	C:\Windows\System32\rasadhlp.dll
0x00007ffb91010000 - 0x00007ffb9108f000 	C:\Windows\System32\fwpuclnt.dll
0x00007ffba5340000 - 0x00007ffba5367000 	C:\Windows\System32\bcrypt.dll
0x00007ffb70ff0000 - 0x00007ffb71003000 	C:\Program Files\Java\jre1.8.0_301\bin\nio.dll

VM Arguments:
jvm_args: -Dfile.encoding=UTF-8 
java_command: com.example.foodInventoryNew.FoodInventoryNewApplication
java_class_path (initial): E:\SPM new\foodInventoryNew2\target\classes;C:\Users\deshd\.m2\repository\org\springframework\boot\spring-boot-starter-data-jpa\2.4.10\spring-boot-starter-data-jpa-2.4.10.jar;C:\Users\deshd\.m2\repository\org\springframework\boot\spring-boot-starter-aop\2.4.10\spring-boot-starter-aop-2.4.10.jar;C:\Users\deshd\.m2\repository\org\springframework\spring-aop\5.3.9\spring-aop-5.3.9.jar;C:\Users\deshd\.m2\repository\org\aspectj\aspectjweaver\1.9.7\aspectjweaver-1.9.7.jar;C:\Users\deshd\.m2\repository\org\springframework\boot\spring-boot-starter-jdbc\2.4.10\spring-boot-starter-jdbc-2.4.10.jar;C:\Users\deshd\.m2\repository\com\zaxxer\HikariCP\3.4.5\HikariCP-3.4.5.jar;C:\Users\deshd\.m2\repository\org\springframework\spring-jdbc\5.3.9\spring-jdbc-5.3.9.jar;C:\Users\deshd\.m2\repository\jakarta\transaction\jakarta.transaction-api\1.3.3\jakarta.transaction-api-1.3.3.jar;C:\Users\deshd\.m2\repository\jakarta\persistence\jakarta.persistence-api\2.2.3\jakarta.persistence-api-2.2.3.jar;C:\Users\deshd\.m2\repository\org\hibernate\hibernate-core\5.4.32.Final\hibernate-core-5.4.32.Final.jar;C:\Users\deshd\.m2\repository\org\jboss\logging\jboss-logging\3.4.2.Final\jboss-logging-3.4.2.Final.jar;C:\Users\deshd\.m2\repository\org\javassist\javassist\3.27.0-GA\javassist-3.27.0-GA.jar;C:\Users\deshd\.m2\repository\net\bytebuddy\byte-buddy\1.10.22\byte-buddy-1.10.22.jar;C:\Users\deshd\.m2\repository\antlr\antlr\2.7.7\antlr-2.7.7.jar;C:\Users\deshd\.m2\repository\org\jboss\jandex\2.2.3.Final\jandex-2.2.3.Final.jar;C:\Users\deshd\.m2\repository\com\fasterxml\classmate\1.5.1\classmate-1.5.1.jar;C:\Users\deshd\.m2\repository\org\dom4j\dom4j\2.1.3\dom4j-2.1.3.jar;C:\Users\deshd\.m2\repository\org\hibernate\common\hibernate-commons-annotations\5.1.2.Final\hibernate-commons-annotations-5.1.2.Final.jar;C:\Users\deshd\.m2\repository\org\glassfish\jaxb\jaxb-runtime\2.3.5\jaxb-runtime-2.3.5.jar;C:\Users\deshd\.m2\repository\org\glassfish\jaxb\txw2\2.3.5\txw2-2.3.5.jar;C:\U
Launcher Type: SUN_STANDARD

Environment Variables:
PATH=C:/Program Files/Java/jre1.8.0_301/bin/server;C:/Program Files/Java/jre1.8.0_301/bin;C:/Program Files/Java/jre1.8.0_301/lib/amd64;C:\app\DESH\product\18.0.0\dbhomeXE\bin;C:\Program Files\Common Files\Oracle\Java\javapath;C:\Program Files (x86)\Common Files\Oracle\Java\javapath;C:\Windows\system32;C:\Windows;C:\Windows\System32\Wbem;C:\Windows\System32\WindowsPowerShell\v1.0\;C:\Windows\System32\OpenSSH\;C:\Program Files (x86)\Windows Kits\10\Windows Performance Toolkit\;C:\Program Files\Git\cmd;G:\Brackets\command;G:\nodejs\;C:\ProgramData\chocolatey\bin;C:\Program Files\WSO2\Enterprise Integrator\6.6.0\bin\..\bin;C:\Program Files\Java\jdk1.8.0_301\bin;C:\Program Files\MySQL\MySQL Shell 8.0\bin\;C:\Users\deshd\AppData\Local\Microsoft\WindowsApps;C:\Users\deshd\AppData\Local\atom\bin;C:\Users\deshd\AppData\Roaming\npm;C:\Users\deshd\AppData\Local\Programs\Microsoft VS Code\bin;G:\WebStorm 2020.3.2\bin;;C:\Users\deshd\OneDrive\Desktop\eclipse;
USERNAME=DESH
OS=Windows_NT
PROCESSOR_IDENTIFIER=Intel64 Family 6 Model 142 Stepping 10, GenuineIntel



---------------  S Y S T E M  ---------------

OS: Windows 10.0 , 64 bit Build 19041 (10.0.19041.1151)

CPU:total 8 (initial active 8) (4 cores per cpu, 2 threads per core) family 6 model 142 stepping 10, cmov, cx8, fxsr, mmx, sse, sse2, sse3, ssse3, sse4.1, sse4.2, popcnt, avx, avx2, aes, clmul, erms, 3dnowpref, lzcnt, ht, tsc, tscinvbit, bmi1, bmi2, adx

Memory: 4k page, physical 4103268k(115676k free), swap 16686180k(20k free)

vm_info: Java HotSpot(TM) 64-Bit Server VM (25.301-b09) for windows-amd64 JRE (1.8.0_301-b09), built on Jun  9 2021 06:46:21 by "java_re" with MS VC++ 15.9 (VS2017)

time: Thu Aug 26 15:37:04 2021
timezone: Sri Lanka Standard Time
elapsed time: 4.968261 seconds (0d 0h 0m 4s)

