#
# There is insufficient memory for the Java Runtime Environment to continue.
# Native memory allocation (malloc) failed to allocate 2138432 bytes for Chunk::new
# Possible reasons:
#   The system is out of physical RAM or swap space
#   The process is running with CompressedOops enabled, and the Java Heap may be blocking the growth of the native heap
# Possible solutions:
#   Reduce memory load on the system
#   Increase physical memory or swap space
#   Check if swap backing store is full
#   Decrease Java heap size (-Xmx/-Xms)
#   Decrease number of Java threads
#   Decrease Java thread stack sizes (-Xss)
#   Set larger code cache with -XX:ReservedCodeCacheSize=
#   JVM is running with Unscaled Compressed Oops mode in which the Java heap is
#     placed in the first 4GB address space. The Java Heap base address is the
#     maximum limit for the native heap growth. Please use -XX:HeapBaseMinAddress
#     to set the Java Heap base and to place the Java Heap above 4GB virtual address.
# This output file may be truncated or incomplete.
#
#  Out of Memory Error (allocation.cpp:389), pid=6716, tid=0x0000000000000bfc
#
# JRE version: Java(TM) SE Runtime Environment (8.0_301-b09) (build 1.8.0_301-b09)
# Java VM: Java HotSpot(TM) 64-Bit Server VM (25.301-b09 mixed mode windows-amd64 compressed oops)
# Failed to write core dump. Minidumps are not enabled by default on client versions of Windows
#

---------------  T H R E A D  ---------------

Current thread (0x000002a9f3dd0000):  JavaThread "C2 CompilerThread2" daemon [_thread_in_native, id=3068, stack(0x000000fb52500000,0x000000fb52600000)]

Stack: [0x000000fb52500000,0x000000fb52600000]
Native frames: (J=compiled Java code, j=interpreted, Vv=VM code, C=native code)
V  [jvm.dll+0x32ed79]
V  [jvm.dll+0x275722]
V  [jvm.dll+0x2763cd]
V  [jvm.dll+0x26ce05]
V  [jvm.dll+0xd551c]
V  [jvm.dll+0xd5d1c]
V  [jvm.dll+0x470195]
V  [jvm.dll+0x437e08]
V  [jvm.dll+0x440c55]
V  [jvm.dll+0x440015]
V  [jvm.dll+0x42ae57]
V  [jvm.dll+0xac1bb]
V  [jvm.dll+0xaa81b]
V  [jvm.dll+0x23ddc2]
V  [jvm.dll+0x2923dc]
C  [ucrtbase.dll+0x21bb2]
C  [KERNEL32.DLL+0x17034]
C  [ntdll.dll+0x52651]


Current CompileTask:
C2: 950648 3652   !   4       org.springframework.core.annotation.AnnotationsScanner::processMethodHierarchy (276 bytes)


---------------  P R O C E S S  ---------------

Java Threads: ( => current thread )
  0x000002a9f6ec1000 JavaThread "http-nio-9083-exec-10" daemon [_thread_blocked, id=15752, stack(0x000000fb51400000,0x000000fb51500000)]
  0x000002a9fb50b000 JavaThread "http-nio-9083-exec-9" daemon [_thread_blocked, id=3756, stack(0x000000fb51300000,0x000000fb51400000)]
  0x000002a9fb50a800 JavaThread "http-nio-9083-exec-8" daemon [_thread_blocked, id=6944, stack(0x000000fb51200000,0x000000fb51300000)]
  0x000002a9fb509800 JavaThread "http-nio-9083-exec-7" daemon [_thread_blocked, id=13328, stack(0x000000fb53400000,0x000000fb53500000)]
  0x000002a9fb509000 JavaThread "http-nio-9083-exec-6" daemon [_thread_blocked, id=15140, stack(0x000000fb53300000,0x000000fb53400000)]
  0x000002a9fb508000 JavaThread "http-nio-9083-exec-5" daemon [_thread_blocked, id=12612, stack(0x000000fb53200000,0x000000fb53300000)]
  0x000002a9f5ce0800 JavaThread "http-nio-9083-exec-4" daemon [_thread_blocked, id=7820, stack(0x000000fb53100000,0x000000fb53200000)]
  0x000002a9f6028800 JavaThread "http-nio-9083-exec-3" daemon [_thread_blocked, id=5400, stack(0x000000fb53000000,0x000000fb53100000)]
  0x000002a9f5d52800 JavaThread "http-nio-9083-exec-2" daemon [_thread_blocked, id=9120, stack(0x000000fb52f00000,0x000000fb53000000)]
  0x000002a9f7729800 JavaThread "http-nio-9083-exec-1" daemon [_thread_blocked, id=7692, stack(0x000000fb52e00000,0x000000fb52f00000)]
  0x000002a9e01e1000 JavaThread "DestroyJavaVM" [_thread_blocked, id=16312, stack(0x000000fb51500000,0x000000fb51600000)]
  0x000002a9f8912000 JavaThread "http-nio-9083-Acceptor" daemon [_thread_in_native, id=13976, stack(0x000000fb52d00000,0x000000fb52e00000)]
  0x000002a9f8911800 JavaThread "http-nio-9083-Poller" daemon [_thread_in_native, id=16252, stack(0x000000fb52c00000,0x000000fb52d00000)]
  0x000002a9f8772000 JavaThread "container-0" [_thread_blocked, id=15524, stack(0x000000fb52b00000,0x000000fb52c00000)]
  0x000002a9fb4f6800 JavaThread "Catalina-utility-2" [_thread_blocked, id=15824, stack(0x000000fb52a00000,0x000000fb52b00000)]
  0x000002a9f8742800 JavaThread "Catalina-utility-1" [_thread_blocked, id=13776, stack(0x000000fb52900000,0x000000fb52a00000)]
  0x000002a9f5c64000 JavaThread "Service Thread" daemon [_thread_blocked, id=1500, stack(0x000000fb52700000,0x000000fb52800000)]
  0x000002a9f3def800 JavaThread "C1 CompilerThread3" daemon [_thread_blocked, id=6956, stack(0x000000fb52600000,0x000000fb52700000)]
=>0x000002a9f3dd0000 JavaThread "C2 CompilerThread2" daemon [_thread_in_native, id=3068, stack(0x000000fb52500000,0x000000fb52600000)]
  0x000002a9f3dcd000 JavaThread "C2 CompilerThread1" daemon [_thread_blocked, id=12996, stack(0x000000fb52400000,0x000000fb52500000)]
  0x000002a9f3ddd800 JavaThread "C2 CompilerThread0" daemon [_thread_blocked, id=5904, stack(0x000000fb52300000,0x000000fb52400000)]
  0x000002a9f3dc8000 JavaThread "Attach Listener" daemon [_thread_blocked, id=7684, stack(0x000000fb52200000,0x000000fb52300000)]
  0x000002a9f3dd3800 JavaThread "Signal Dispatcher" daemon [_thread_blocked, id=10940, stack(0x000000fb52100000,0x000000fb52200000)]
  0x000002a9f3dae800 JavaThread "Finalizer" daemon [_thread_blocked, id=6480, stack(0x000000fb52000000,0x000000fb52100000)]
  0x000002a9f3d87800 JavaThread "Reference Handler" daemon [_thread_blocked, id=11748, stack(0x000000fb51f00000,0x000000fb52000000)]

Other Threads:
  0x000002a9f3d80000 VMThread [stack: 0x000000fb51e00000,0x000000fb51f00000] [id=8032]
  0x000002a9f5c79800 WatcherThread [stack: 0x000000fb52800000,0x000000fb52900000] [id=9692]

VM state:not at safepoint (normal execution)

VM Mutex/Monitor currently owned by a thread: None

heap address: 0x00000000c1600000, size: 1002 MB, Compressed Oops mode: 32-bit
Narrow klass base: 0x0000000000000000, Narrow klass shift: 3
Compressed class space size: 1073741824 Address: 0x0000000100000000

Heap:
 PSYoungGen      total 137728K, used 16039K [0x00000000eb200000, 0x00000000f7180000, 0x0000000100000000)
  eden space 129024K, 12% used [0x00000000eb200000,0x00000000ec1a9cc8,0x00000000f3000000)
  from space 8704K, 0% used [0x00000000f3000000,0x00000000f3000000,0x00000000f3880000)
  to   space 11776K, 0% used [0x00000000f6600000,0x00000000f6600000,0x00000000f7180000)
 ParOldGen       total 45056K, used 16338K [0x00000000c1600000, 0x00000000c4200000, 0x00000000eb200000)
  object space 45056K, 36% used [0x00000000c1600000,0x00000000c25f48d0,0x00000000c4200000)
 Metaspace       used 34401K, capacity 36516K, committed 36696K, reserved 1081344K
  class space    used 4466K, capacity 4866K, committed 4992K, reserved 1048576K

Card table byte_map: [0x000002a9f0e90000,0x000002a9f1090000] byte_map_base: 0x000002a9f0885000

Marking Bits: (ParMarkBitMap*) 0x000000006bba7fe0
 Begin Bits: [0x000002a9f11e0000, 0x000002a9f2188000)
 End Bits:   [0x000002a9f2188000, 0x000002a9f3130000)

Polling page: 0x000002a9e1aa0000

CodeCache: size=245760Kb used=10339Kb max_used=11527Kb free=235420Kb
 bounds [0x000002a9e1ad0000, 0x000002a9e2620000, 0x000002a9f0ad0000]
 total_blobs=3582 nmethods=3144 adapters=350
 compilation: enabled

Compilation events (10 events):
Event: 949.639 Thread 0x000002a9f3def800 nmethod 3671 0x000002a9e1c0f390 code [0x000002a9e1c0f4e0, 0x000002a9e1c0f5f8]
Event: 949.639 Thread 0x000002a9f3def800 3673       1       sun.util.locale.StringTokenIterator::current (5 bytes)
Event: 949.639 Thread 0x000002a9f3def800 nmethod 3673 0x000002a9e1db96d0 code [0x000002a9e1db9820, 0x000002a9e1db9938]
Event: 949.639 Thread 0x000002a9f3def800 3675       1       org.springframework.web.servlet.HandlerExecutionChain::getHandler (5 bytes)
Event: 949.641 Thread 0x000002a9f3def800 nmethod 3675 0x000002a9e2099b90 code [0x000002a9e2099ce0, 0x000002a9e2099df8]
Event: 949.683 Thread 0x000002a9f3dcd000 nmethod 3677 0x000002a9e1ef7c50 code [0x000002a9e1ef7de0, 0x000002a9e1ef8808]
Event: 949.815 Thread 0x000002a9f3def800 3681       3       java.util.HashMap::afterNodeRemoval (1 bytes)
Event: 949.816 Thread 0x000002a9f3def800 nmethod 3681 0x000002a9e2099850 code [0x000002a9e20999a0, 0x000002a9e2099af8]
Event: 949.816 Thread 0x000002a9f3def800 3682       3       sun.nio.ch.SelectionKeyImpl::ensureValid (16 bytes)
Event: 949.817 Thread 0x000002a9f3def800 nmethod 3682 0x000002a9e2099310 code [0x000002a9e2099480, 0x000002a9e2099770]

GC Heap History (10 events):
Event: 1.926 GC heap before
{Heap before GC invocations=7 (full 0):
 PSYoungGen      total 73216K, used 36648K [0x00000000eb200000, 0x00000000f0100000, 0x0000000100000000)
  eden space 65536K, 51% used [0x00000000eb200000,0x00000000ed30b6f0,0x00000000ef200000)
  from space 7680K, 36% used [0x00000000ef980000,0x00000000efc3e950,0x00000000f0100000)
  to   space 7680K, 0% used [0x00000000ef200000,0x00000000ef200000,0x00000000ef980000)
 ParOldGen       total 44032K, used 10190K [0x00000000c1600000, 0x00000000c4100000, 0x00000000eb200000)
  object space 44032K, 23% used [0x00000000c1600000,0x00000000c1ff3a50,0x00000000c4100000)
 Metaspace       used 20268K, capacity 21232K, committed 21248K, reserved 1067008K
  class space    used 2566K, capacity 2812K, committed 2816K, reserved 1048576K
Event: 1.936 GC heap after
Heap after GC invocations=7 (full 0):
 PSYoungGen      total 73216K, used 5065K [0x00000000eb200000, 0x00000000f4100000, 0x0000000100000000)
  eden space 65536K, 0% used [0x00000000eb200000,0x00000000eb200000,0x00000000ef200000)
  from space 7680K, 65% used [0x00000000ef200000,0x00000000ef6f27e0,0x00000000ef980000)
  to   space 7680K, 0% used [0x00000000f3980000,0x00000000f3980000,0x00000000f4100000)
 ParOldGen       total 44032K, used 11407K [0x00000000c1600000, 0x00000000c4100000, 0x00000000eb200000)
  object space 44032K, 25% used [0x00000000c1600000,0x00000000c2123f28,0x00000000c4100000)
 Metaspace       used 20268K, capacity 21232K, committed 21248K, reserved 1067008K
  class space    used 2566K, capacity 2812K, committed 2816K, reserved 1048576K
}
Event: 1.936 GC heap before
{Heap before GC invocations=8 (full 1):
 PSYoungGen      total 73216K, used 5065K [0x00000000eb200000, 0x00000000f4100000, 0x0000000100000000)
  eden space 65536K, 0% used [0x00000000eb200000,0x00000000eb200000,0x00000000ef200000)
  from space 7680K, 65% used [0x00000000ef200000,0x00000000ef6f27e0,0x00000000ef980000)
  to   space 7680K, 0% used [0x00000000f3980000,0x00000000f3980000,0x00000000f4100000)
 ParOldGen       total 44032K, used 11407K [0x00000000c1600000, 0x00000000c4100000, 0x00000000eb200000)
  object space 44032K, 25% used [0x00000000c1600000,0x00000000c2123f28,0x00000000c4100000)
 Metaspace       used 20268K, capacity 21232K, committed 21248K, reserved 1067008K
  class space    used 2566K, capacity 2812K, committed 2816K, reserved 1048576K
Event: 1.962 GC heap after
Heap after GC invocations=8 (full 1):
 PSYoungGen      total 73216K, used 0K [0x00000000eb200000, 0x00000000f4100000, 0x0000000100000000)
  eden space 65536K, 0% used [0x00000000eb200000,0x00000000eb200000,0x00000000ef200000)
  from space 7680K, 0% used [0x00000000ef200000,0x00000000ef200000,0x00000000ef980000)
  to   space 7680K, 0% used [0x00000000f3980000,0x00000000f3980000,0x00000000f4100000)
 ParOldGen       total 30720K, used 7084K [0x00000000c1600000, 0x00000000c3400000, 0x00000000eb200000)
  object space 30720K, 23% used [0x00000000c1600000,0x00000000c1ceb3c0,0x00000000c3400000)
 Metaspace       used 20268K, capacity 21232K, committed 21248K, reserved 1067008K
  class space    used 2566K, capacity 2812K, committed 2816K, reserved 1048576K
}
Event: 3.804 GC heap before
{Heap before GC invocations=9 (full 1):
 PSYoungGen      total 73216K, used 65516K [0x00000000eb200000, 0x00000000f4100000, 0x0000000100000000)
  eden space 65536K, 99% used [0x00000000eb200000,0x00000000ef1fb0c0,0x00000000ef200000)
  from space 7680K, 0% used [0x00000000ef200000,0x00000000ef200000,0x00000000ef980000)
  to   space 7680K, 0% used [0x00000000f3980000,0x00000000f3980000,0x00000000f4100000)
 ParOldGen       total 30720K, used 7084K [0x00000000c1600000, 0x00000000c3400000, 0x00000000eb200000)
  object space 30720K, 23% used [0x00000000c1600000,0x00000000c1ceb3c0,0x00000000c3400000)
 Metaspace       used 26529K, capacity 28138K, committed 28416K, reserved 1073152K
  class space    used 3423K, capacity 3733K, committed 3840K, reserved 1048576K
Event: 3.813 GC heap after
Heap after GC invocations=9 (full 1):
 PSYoungGen      total 125952K, used 7665K [0x00000000eb200000, 0x00000000f4100000, 0x0000000100000000)
  eden space 118272K, 0% used [0x00000000eb200000,0x00000000eb200000,0x00000000f2580000)
  from space 7680K, 99% used [0x00000000f3980000,0x00000000f40fc428,0x00000000f4100000)
  to   space 8704K, 0% used [0x00000000f3000000,0x00000000f3000000,0x00000000f3880000)
 ParOldGen       total 30720K, used 7605K [0x00000000c1600000, 0x00000000c3400000, 0x00000000eb200000)
  object space 30720K, 24% used [0x00000000c1600000,0x00000000c1d6d408,0x00000000c3400000)
 Metaspace       used 26529K, capacity 28138K, committed 28416K, reserved 1073152K
  class space    used 3423K, capacity 3733K, committed 3840K, reserved 1048576K
}
Event: 11.325 GC heap before
{Heap before GC invocations=10 (full 1):
 PSYoungGen      total 125952K, used 107315K [0x00000000eb200000, 0x00000000f4100000, 0x0000000100000000)
  eden space 118272K, 84% used [0x00000000eb200000,0x00000000f13509d8,0x00000000f2580000)
  from space 7680K, 99% used [0x00000000f3980000,0x00000000f40fc428,0x00000000f4100000)
  to   space 8704K, 0% used [0x00000000f3000000,0x00000000f3000000,0x00000000f3880000)
 ParOldGen       total 30720K, used 7605K [0x00000000c1600000, 0x00000000c3400000, 0x00000000eb200000)
  object space 30720K, 24% used [0x00000000c1600000,0x00000000c1d6d408,0x00000000c3400000)
 Metaspace       used 33290K, capacity 35314K, committed 35416K, reserved 1079296K
  class space    used 4332K, capacity 4687K, committed 4736K, reserved 1048576K
Event: 11.335 GC heap after
Heap after GC invocations=10 (full 1):
 PSYoungGen      total 137728K, used 8684K [0x00000000eb200000, 0x00000000f7180000, 0x0000000100000000)
  eden space 129024K, 0% used [0x00000000eb200000,0x00000000eb200000,0x00000000f3000000)
  from space 8704K, 99% used [0x00000000f3000000,0x00000000f387b240,0x00000000f3880000)
  to   space 11776K, 0% used [0x00000000f6600000,0x00000000f6600000,0x00000000f7180000)
 ParOldGen       total 30720K, used 11695K [0x00000000c1600000, 0x00000000c3400000, 0x00000000eb200000)
  object space 30720K, 38% used [0x00000000c1600000,0x00000000c216bf60,0x00000000c3400000)
 Metaspace       used 33290K, capacity 35314K, committed 35416K, reserved 1079296K
  class space    used 4332K, capacity 4687K, committed 4736K, reserved 1048576K
}
Event: 11.335 GC heap before
{Heap before GC invocations=11 (full 2):
 PSYoungGen      total 137728K, used 8684K [0x00000000eb200000, 0x00000000f7180000, 0x0000000100000000)
  eden space 129024K, 0% used [0x00000000eb200000,0x00000000eb200000,0x00000000f3000000)
  from space 8704K, 99% used [0x00000000f3000000,0x00000000f387b240,0x00000000f3880000)
  to   space 11776K, 0% used [0x00000000f6600000,0x00000000f6600000,0x00000000f7180000)
 ParOldGen       total 30720K, used 11695K [0x00000000c1600000, 0x00000000c3400000, 0x00000000eb200000)
  object space 30720K, 38% used [0x00000000c1600000,0x00000000c216bf60,0x00000000c3400000)
 Metaspace       used 33290K, capacity 35314K, committed 35416K, reserved 1079296K
  class space    used 4332K, capacity 4687K, committed 4736K, reserved 1048576K
Event: 11.416 GC heap after
Heap after GC invocations=11 (full 2):
 PSYoungGen      total 137728K, used 0K [0x00000000eb200000, 0x00000000f7180000, 0x0000000100000000)
  eden space 129024K, 0% used [0x00000000eb200000,0x00000000eb200000,0x00000000f3000000)
  from space 8704K, 0% used [0x00000000f3000000,0x00000000f3000000,0x00000000f3880000)
  to   space 11776K, 0% used [0x00000000f6600000,0x00000000f6600000,0x00000000f7180000)
 ParOldGen       total 45056K, used 16338K [0x00000000c1600000, 0x00000000c4200000, 0x00000000eb200000)
  object space 45056K, 36% used [0x00000000c1600000,0x00000000c25f48d0,0x00000000c4200000)
 Metaspace       used 33290K, capacity 35314K, committed 35416K, reserved 1079296K
  class space    used 4332K, capacity 4687K, committed 4736K, reserved 1048576K
}

Deoptimization events (10 events):
Event: 11.430 Thread 0x000002a9f7729800 Uncommon trap: reason=unstable_if action=reinterpret pc=0x000002a9e1db1cbc method=java.lang.CharacterDataLatin1.isWhitespace(I)Z @ 14
Event: 11.438 Thread 0x000002a9f7729800 Uncommon trap: reason=unstable_if action=reinterpret pc=0x000002a9e2605dc0 method=java.nio.Buffer.limit(I)Ljava/nio/Buffer; @ 30
Event: 11.967 Thread 0x000002a9f5d52800 Uncommon trap: reason=class_check action=maybe_recompile pc=0x000002a9e22815a0 method=java.util.concurrent.ConcurrentHashMap.putVal(Ljava/lang/Object;Ljava/lang/Object;Z)Ljava/lang/Object; @ 192
Event: 11.968 Thread 0x000002a9f5d52800 Uncommon trap: reason=class_check action=maybe_recompile pc=0x000002a9e22815a0 method=java.util.concurrent.ConcurrentHashMap.putVal(Ljava/lang/Object;Ljava/lang/Object;Z)Ljava/lang/Object; @ 192
Event: 11.980 Thread 0x000002a9f5d52800 Uncommon trap: reason=class_check action=maybe_recompile pc=0x000002a9e22815a0 method=java.util.concurrent.ConcurrentHashMap.putVal(Ljava/lang/Object;Ljava/lang/Object;Z)Ljava/lang/Object; @ 192
Event: 11.981 Thread 0x000002a9f5d52800 Uncommon trap: reason=class_check action=maybe_recompile pc=0x000002a9e22815a0 method=java.util.concurrent.ConcurrentHashMap.putVal(Ljava/lang/Object;Ljava/lang/Object;Z)Ljava/lang/Object; @ 192
Event: 14.300 Thread 0x000002a9f8911800 Uncommon trap: reason=unstable_if action=reinterpret pc=0x000002a9e2406d04 method=java.util.HashMap$HashIterator.<init>(Ljava/util/HashMap;)V @ 45
Event: 944.817 Thread 0x000002a9f7729800 Uncommon trap: reason=unstable_if action=reinterpret pc=0x000002a9e1f4c720 method=java.util.concurrent.ConcurrentHashMap.addCount(JI)V @ 34
Event: 944.817 Thread 0x000002a9fb509000 Uncommon trap: reason=unstable_if action=reinterpret pc=0x000002a9e1f4c720 method=java.util.concurrent.ConcurrentHashMap.addCount(JI)V @ 34
Event: 949.340 Thread 0x000002a9f8912000 Uncommon trap: reason=unstable_if action=reinterpret pc=0x000002a9e1c1db70 method=java.util.concurrent.ConcurrentHashMap.addCount(JI)V @ 7

Classes redefined (0 events):
No events

Internal exceptions (10 events):
Event: 4.119 Thread 0x000002a9e01e1000 Exception <a 'java/lang/ClassNotFoundException': org/springframework/web/servlet/config/annotation/DelegatingWebMvcConfigurationCustomizer> (0x00000000eda1d550) thrown at [C:\jenkins\workspace\8-2-build-windows-amd64-cygwin\jdk8u301\1513\hotspot\src\share
Event: 4.119 Thread 0x000002a9e01e1000 Exception <a 'java/lang/ClassNotFoundException': org/springframework/boot/autoconfigure/web/servlet/WebMvcAutoConfiguration$EnableWebMvcConfigurationCustomizer> (0x00000000eda40d78) thrown at [C:\jenkins\workspace\8-2-build-windows-amd64-cygwin\jdk8u301\1
Event: 4.120 Thread 0x000002a9e01e1000 Exception <a 'java/lang/ClassNotFoundException': org/springframework/context/ResourceLoaderAwareCustomizer> (0x00000000eda67ae0) thrown at [C:\jenkins\workspace\8-2-build-windows-amd64-cygwin\jdk8u301\1513\hotspot\src\share\vm\classfile\systemDictionary.c
Event: 4.120 Thread 0x000002a9e01e1000 Exception <a 'java/lang/ClassNotFoundException': org/springframework/beans/factory/AwareCustomizer> (0x00000000eda79188) thrown at [C:\jenkins\workspace\8-2-build-windows-amd64-cygwin\jdk8u301\1513\hotspot\src\share\vm\classfile\systemDictionary.cpp, line
Event: 4.121 Thread 0x000002a9e01e1000 Exception <a 'java/lang/ClassNotFoundException': org/springframework/context/ApplicationContextAwareCustomizer> (0x00000000eda8c518) thrown at [C:\jenkins\workspace\8-2-build-windows-amd64-cygwin\jdk8u301\1513\hotspot\src\share\vm\classfile\systemDictiona
Event: 4.121 Thread 0x000002a9e01e1000 Exception <a 'java/lang/ClassNotFoundException': org/springframework/beans/factory/AwareCustomizer> (0x00000000eda9e1d8) thrown at [C:\jenkins\workspace\8-2-build-windows-amd64-cygwin\jdk8u301\1513\hotspot\src\share\vm\classfile\systemDictionary.cpp, line
Event: 4.121 Thread 0x000002a9e01e1000 Exception <a 'java/lang/ClassNotFoundException': org/springframework/web/context/ServletContextAwareCustomizer> (0x00000000edab1508) thrown at [C:\jenkins\workspace\8-2-build-windows-amd64-cygwin\jdk8u301\1513\hotspot\src\share\vm\classfile\systemDictiona
Event: 4.122 Thread 0x000002a9e01e1000 Exception <a 'java/lang/ClassNotFoundException': org/springframework/beans/factory/AwareCustomizer> (0x00000000edac2c28) thrown at [C:\jenkins\workspace\8-2-build-windows-amd64-cygwin\jdk8u301\1513\hotspot\src\share\vm\classfile\systemDictionary.cpp, line
Event: 4.122 Thread 0x000002a9e01e1000 Implicit null exception at 0x000002a9e236c2cc to 0x000002a9e236c441
Event: 4.759 Thread 0x000002a9e01e1000 Exception <a 'java/lang/IncompatibleClassChangeError': Found class java.lang.Object, but interface was expected> (0x00000000eee3dc88) thrown at [C:\jenkins\workspace\8-2-build-windows-amd64-cygwin\jdk8u301\1513\hotspot\src\share\vm\interpreter\linkResolve

Events (10 events):
Event: 949.537 Thread 0x000002a9f3def800 flushing nmethod 0x000002a9e25e7c10
Event: 949.541 Thread 0x000002a9f3def800 flushing nmethod 0x000002a9e25ed3d0
Event: 949.544 Thread 0x000002a9f3def800 flushing nmethod 0x000002a9e25f2e50
Event: 949.549 Thread 0x000002a9f3def800 flushing nmethod 0x000002a9e25fe750
Event: 949.549 Thread 0x000002a9f3def800 flushing nmethod 0x000002a9e26021d0
Event: 949.549 Thread 0x000002a9f3def800 flushing nmethod 0x000002a9e2604450
Event: 949.549 Thread 0x000002a9f3def800 flushing nmethod 0x000002a9e2605bd0
Event: 949.551 Thread 0x000002a9f3def800 flushing nmethod 0x000002a9e2617490
Event: 949.571 Executing VM operation: RevokeBias
Event: 949.571 Executing VM operation: RevokeBias done


Dynamic libraries:
0x00007ff622200000 - 0x00007ff622247000 	C:\Program Files\Java\jre1.8.0_301\bin\javaw.exe
0x00007ffba7c10000 - 0x00007ffba7e05000 	C:\Windows\SYSTEM32\ntdll.dll
0x00007ffba6890000 - 0x00007ffba694d000 	C:\Windows\System32\KERNEL32.DLL
0x00007ffba5500000 - 0x00007ffba57c9000 	C:\Windows\System32\KERNELBASE.dll
0x00007ffba7220000 - 0x00007ffba72cc000 	C:\Windows\System32\ADVAPI32.dll
0x00007ffba60e0000 - 0x00007ffba617e000 	C:\Windows\System32\msvcrt.dll
0x00007ffba6aa0000 - 0x00007ffba6b3b000 	C:\Windows\System32\sechost.dll
0x00007ffba5fb0000 - 0x00007ffba60da000 	C:\Windows\System32\RPCRT4.dll
0x00007ffba6180000 - 0x00007ffba6320000 	C:\Windows\System32\USER32.dll
0x00007ffba54d0000 - 0x00007ffba54f2000 	C:\Windows\System32\win32u.dll
0x00007ffba7b40000 - 0x00007ffba7b6a000 	C:\Windows\System32\GDI32.dll
0x00007ffba5b10000 - 0x00007ffba5c1b000 	C:\Windows\System32\gdi32full.dll
0x00007ffba5930000 - 0x00007ffba59cd000 	C:\Windows\System32\msvcp_win.dll
0x00007ffba5830000 - 0x00007ffba5930000 	C:\Windows\System32\ucrtbase.dll
0x00007ffb86ed0000 - 0x00007ffb8716a000 	C:\Windows\WinSxS\amd64_microsoft.windows.common-controls_6595b64144ccf1df_6.0.19041.1110_none_60b5254171f9507e\COMCTL32.dll
0x00007ffba5e20000 - 0x00007ffba5e50000 	C:\Windows\System32\IMM32.DLL
0x00007ffba0900000 - 0x00007ffba0915000 	C:\Program Files\Java\jre1.8.0_301\bin\vcruntime140.dll
0x00007ffb60e20000 - 0x00007ffb60ebb000 	C:\Program Files\Java\jre1.8.0_301\bin\msvcp140.dll
0x000000006b3c0000 - 0x000000006bc20000 	C:\Program Files\Java\jre1.8.0_301\bin\server\jvm.dll
0x00007ffba6950000 - 0x00007ffba6958000 	C:\Windows\System32\PSAPI.DLL
0x00007ffb9f4b0000 - 0x00007ffb9f4ba000 	C:\Windows\SYSTEM32\VERSION.dll
0x00007ffb87760000 - 0x00007ffb87769000 	C:\Windows\SYSTEM32\WSOCK32.dll
0x00007ffb8c780000 - 0x00007ffb8c7a7000 	C:\Windows\SYSTEM32\WINMM.dll
0x00007ffba6d30000 - 0x00007ffba6d9b000 	C:\Windows\System32\WS2_32.dll
0x00007ffba3e40000 - 0x00007ffba3e52000 	C:\Windows\SYSTEM32\kernel.appcore.dll
0x00007ffb9dde0000 - 0x00007ffb9ddf0000 	C:\Program Files\Java\jre1.8.0_301\bin\verify.dll
0x00007ffb6ab00000 - 0x00007ffb6ab2b000 	C:\Program Files\Java\jre1.8.0_301\bin\java.dll
0x00007ffb88d00000 - 0x00007ffb88d18000 	C:\Program Files\Java\jre1.8.0_301\bin\zip.dll
0x00007ffba7400000 - 0x00007ffba7b3f000 	C:\Windows\System32\SHELL32.dll
0x00007ffba3150000 - 0x00007ffba38e0000 	C:\Windows\SYSTEM32\windows.storage.dll
0x00007ffba6320000 - 0x00007ffba6675000 	C:\Windows\System32\combase.dll
0x00007ffba4cd0000 - 0x00007ffba4cfc000 	C:\Windows\SYSTEM32\Wldp.dll
0x00007ffba66e0000 - 0x00007ffba678e000 	C:\Windows\System32\SHCORE.dll
0x00007ffba6790000 - 0x00007ffba67e5000 	C:\Windows\System32\shlwapi.dll
0x00007ffba5280000 - 0x00007ffba529f000 	C:\Windows\SYSTEM32\profapi.dll
0x00007ffba08e0000 - 0x00007ffba08ed000 	C:\Program Files\Java\jre1.8.0_301\bin\management.dll
0x00007ffb711b0000 - 0x00007ffb711cc000 	C:\Program Files\Java\jre1.8.0_301\bin\net.dll
0x00007ffba4a30000 - 0x00007ffba4a9a000 	C:\Windows\system32\mswsock.dll
0x00007ffb7fd30000 - 0x00007ffb7fd47000 	C:\Windows\system32\napinsp.dll
0x00007ffb7fd10000 - 0x00007ffb7fd2b000 	C:\Windows\system32\pnrpnsp.dll
0x00007ffb7fcf0000 - 0x00007ffb7fd05000 	C:\Windows\system32\wshbth.dll
0x00007ffba0830000 - 0x00007ffba084d000 	C:\Windows\system32\NLAapi.dll
0x00007ffba4720000 - 0x00007ffba475b000 	C:\Windows\SYSTEM32\IPHLPAPI.DLL
0x00007ffba4760000 - 0x00007ffba482c000 	C:\Windows\SYSTEM32\DNSAPI.dll
0x00007ffba73f0000 - 0x00007ffba73f8000 	C:\Windows\System32\NSI.dll
0x00007ffb82090000 - 0x00007ffb820a2000 	C:\Windows\System32\winrnr.dll
0x00007ffb90510000 - 0x00007ffb9051a000 	C:\Windows\System32\rasadhlp.dll
0x00007ffb91010000 - 0x00007ffb9108f000 	C:\Windows\System32\fwpuclnt.dll
0x00007ffba5340000 - 0x00007ffba5367000 	C:\Windows\System32\bcrypt.dll
0x00007ffb70ff0000 - 0x00007ffb71003000 	C:\Program Files\Java\jre1.8.0_301\bin\nio.dll
0x00007ffba4c30000 - 0x00007ffba4c48000 	C:\Windows\SYSTEM32\CRYPTSP.dll
0x00007ffba43b0000 - 0x00007ffba43e4000 	C:\Windows\system32\rsaenh.dll
0x00007ffba5240000 - 0x00007ffba526e000 	C:\Windows\SYSTEM32\USERENV.dll
0x00007ffba59d0000 - 0x00007ffba5a53000 	C:\Windows\System32\bcryptprimitives.dll
0x00007ffba4c20000 - 0x00007ffba4c2c000 	C:\Windows\SYSTEM32\CRYPTBASE.dll
0x00007ffba2990000 - 0x00007ffba29a7000 	C:\Windows\SYSTEM32\dhcpcsvc6.DLL
0x00007ffba2950000 - 0x00007ffba296d000 	C:\Windows\SYSTEM32\dhcpcsvc.DLL
0x00007ffba38f0000 - 0x00007ffba3ad4000 	C:\Windows\SYSTEM32\dbghelp.dll

VM Arguments:
jvm_args: -Dfile.encoding=UTF-8 
java_command: com.example.foodInventoryNew.FoodInventoryNewApplication
java_class_path (initial): E:\SPM new\foodInventoryNew2\target\classes;C:\Users\deshd\.m2\repository\org\springframework\boot\spring-boot-starter-data-jpa\2.4.10\spring-boot-starter-data-jpa-2.4.10.jar;C:\Users\deshd\.m2\repository\org\springframework\boot\spring-boot-starter-aop\2.4.10\spring-boot-starter-aop-2.4.10.jar;C:\Users\deshd\.m2\repository\org\springframework\spring-aop\5.3.9\spring-aop-5.3.9.jar;C:\Users\deshd\.m2\repository\org\aspectj\aspectjweaver\1.9.7\aspectjweaver-1.9.7.jar;C:\Users\deshd\.m2\repository\org\springframework\boot\spring-boot-starter-jdbc\2.4.10\spring-boot-starter-jdbc-2.4.10.jar;C:\Users\deshd\.m2\repository\com\zaxxer\HikariCP\3.4.5\HikariCP-3.4.5.jar;C:\Users\deshd\.m2\repository\org\springframework\spring-jdbc\5.3.9\spring-jdbc-5.3.9.jar;C:\Users\deshd\.m2\repository\jakarta\transaction\jakarta.transaction-api\1.3.3\jakarta.transaction-api-1.3.3.jar;C:\Users\deshd\.m2\repository\jakarta\persistence\jakarta.persistence-api\2.2.3\jakarta.persistence-api-2.2.3.jar;C:\Users\deshd\.m2\repository\org\hibernate\hibernate-core\5.4.32.Final\hibernate-core-5.4.32.Final.jar;C:\Users\deshd\.m2\repository\org\jboss\logging\jboss-logging\3.4.2.Final\jboss-logging-3.4.2.Final.jar;C:\Users\deshd\.m2\repository\org\javassist\javassist\3.27.0-GA\javassist-3.27.0-GA.jar;C:\Users\deshd\.m2\repository\net\bytebuddy\byte-buddy\1.10.22\byte-buddy-1.10.22.jar;C:\Users\deshd\.m2\repository\antlr\antlr\2.7.7\antlr-2.7.7.jar;C:\Users\deshd\.m2\repository\org\jboss\jandex\2.2.3.Final\jandex-2.2.3.Final.jar;C:\Users\deshd\.m2\repository\com\fasterxml\classmate\1.5.1\classmate-1.5.1.jar;C:\Users\deshd\.m2\repository\org\dom4j\dom4j\2.1.3\dom4j-2.1.3.jar;C:\Users\deshd\.m2\repository\org\hibernate\common\hibernate-commons-annotations\5.1.2.Final\hibernate-commons-annotations-5.1.2.Final.jar;C:\Users\deshd\.m2\repository\org\glassfish\jaxb\jaxb-runtime\2.3.5\jaxb-runtime-2.3.5.jar;C:\Users\deshd\.m2\repository\org\glassfish\jaxb\txw2\2.3.5\txw2-2.3.5.jar;C:\U
Launcher Type: SUN_STANDARD

Environment Variables:
PATH=C:/Program Files/Java/jre1.8.0_301/bin/server;C:/Program Files/Java/jre1.8.0_301/bin;C:/Program Files/Java/jre1.8.0_301/lib/amd64;C:\app\DESH\product\18.0.0\dbhomeXE\bin;C:\Program Files\Common Files\Oracle\Java\javapath;C:\Program Files (x86)\Common Files\Oracle\Java\javapath;C:\Windows\system32;C:\Windows;C:\Windows\System32\Wbem;C:\Windows\System32\WindowsPowerShell\v1.0\;C:\Windows\System32\OpenSSH\;C:\Program Files (x86)\Windows Kits\10\Windows Performance Toolkit\;C:\Program Files\Git\cmd;G:\Brackets\command;G:\nodejs\;C:\ProgramData\chocolatey\bin;C:\Program Files\WSO2\Enterprise Integrator\6.6.0\bin\..\bin;C:\Program Files\Java\jdk1.8.0_301\bin;C:\Program Files\MySQL\MySQL Shell 8.0\bin\;C:\Users\deshd\AppData\Local\Microsoft\WindowsApps;C:\Users\deshd\AppData\Local\atom\bin;C:\Users\deshd\AppData\Roaming\npm;C:\Users\deshd\AppData\Local\Programs\Microsoft VS Code\bin;G:\WebStorm 2020.3.2\bin;;C:\Users\deshd\OneDrive\Desktop\eclipse;
USERNAME=DESH
OS=Windows_NT
PROCESSOR_IDENTIFIER=Intel64 Family 6 Model 142 Stepping 10, GenuineIntel



---------------  S Y S T E M  ---------------

OS: Windows 10.0 , 64 bit Build 19041 (10.0.19041.1151)

CPU:total 8 (initial active 8) (4 cores per cpu, 2 threads per core) family 6 model 142 stepping 10, cmov, cx8, fxsr, mmx, sse, sse2, sse3, ssse3, sse4.1, sse4.2, popcnt, avx, avx2, aes, clmul, erms, 3dnowpref, lzcnt, ht, tsc, tscinvbit, bmi1, bmi2, adx

Memory: 4k page, physical 4103268k(398836k free), swap 16686180k(3856k free)

vm_info: Java HotSpot(TM) 64-Bit Server VM (25.301-b09) for windows-amd64 JRE (1.8.0_301-b09), built on Jun  9 2021 06:46:21 by "java_re" with MS VC++ 15.9 (VS2017)

time: Thu Aug 26 15:26:57 2021
timezone: Sri Lanka Standard Time
elapsed time: 950.679672 seconds (0d 0h 15m 50s)

